2025-03-24 20:12:59,637 - INFO - Request received{"msg_code": "0100", "f002": "6543210987654321", "f004": "000000023456", "f049": "752"}
2025-03-24 20:12:59,638 - INFO - host:per-nielsen-X541NA: pan and key submitted updated successfully pan:6543210987654321 cur:752
2025-03-24 20:12:59,653 - INFO - Request received{"msg_code": "0100", "f002": "6543210987654321", "f004": "000000023456", "f049": "752"}
2025-03-24 20:12:59,654 - INFO - host:per-nielsen-X541NA: pan and key submitted updated successfully pan:6543210987654321 cur:752
2025-03-24 20:12:59,664 - INFO - Request received{"msg_code": "0100", "f002": "1234567890123456", "f004": "000000012345", "f049": "752"}
2025-03-24 20:12:59,665 - INFO - host:per-nielsen-X541NA: pan and key submitted updated successfully pan:1234567890123456 cur:752
2025-03-24 20:12:59,677 - INFO - Request received{"msg_code": "0100", "f002": "1234567890123456", "f004": "000000012345", "f049": "752"}
2025-03-24 20:12:59,677 - INFO - host:per-nielsen-X541NA: pan and key submitted updated successfully pan:1234567890123456 cur:752
2025-03-24 20:12:59,687 - INFO - Request received{"msg_code": "0100", "f002": "1234567890123456", "f004": "000000012345", "f049": "752"}
2025-03-24 20:12:59,687 - INFO - host:per-nielsen-X541NA: pan and key submitted updated successfully pan:1234567890123456 cur:752
2025-03-24 20:16:19,102 - INFO - Request received{"msg_code": "0100", "f002": "6543210987654321", "f004": "000000023456", "f049": "752"}
2025-03-24 20:16:19,103 - INFO - host:per-nielsen-X541NA: pan and key submitted updated successfully pan:6543210987654321 cur:752
2025-03-24 20:16:19,111 - INFO - Request received{"msg_code": "0100", "f002": "6543210987654321", "f004": "000000023456", "f049": "752"}
2025-03-24 20:16:19,113 - INFO - host:per-nielsen-X541NA: pan and key submitted updated successfully pan:6543210987654321 cur:752
2025-03-24 20:16:19,126 - INFO - Request received{"msg_code": "0100", "f002": "1234567890123456", "f004": "000000012345", "f049": "752"}
2025-03-24 20:16:19,130 - INFO - host:per-nielsen-X541NA: pan and key submitted updated successfully pan:1234567890123456 cur:752
2025-03-24 20:16:19,144 - INFO - Request received{"msg_code": "0100", "f002": "1234567890123456", "f004": "000000012345", "f049": "752"}
2025-03-24 20:16:19,144 - INFO - host:per-nielsen-X541NA: pan and key submitted updated successfully pan:1234567890123456 cur:752
2025-03-24 20:16:19,158 - INFO - Request received{"msg_code": "0100", "f002": "1234567890123456", "f004": "000000012345", "f049": "752"}
2025-03-24 20:16:19,159 - INFO - host:per-nielsen-X541NA: pan and key submitted updated successfully pan:1234567890123456 cur:752
2025-03-24 20:21:29,564 - INFO - Request received{"msg_code": "0100", "f002": "6543210987654321", "f004": "000000023456", "f049": "752"}
2025-03-24 20:21:29,564 - INFO - host:per-nielsen-X541NA: pan and key submitted updated successfully pan:6543210987654321 cur:752
2025-03-24 20:21:29,573 - INFO - Request received{"msg_code": "0100", "f002": "6543210987654321", "f004": "000000023456", "f049": "752"}
2025-03-24 20:21:29,574 - INFO - host:per-nielsen-X541NA: pan and key submitted updated successfully pan:6543210987654321 cur:752
2025-03-24 20:21:29,588 - INFO - Request received{"msg_code": "0100", "f002": "1234567890123456", "f004": "000000012345", "f049": "752"}
2025-03-24 20:21:29,589 - INFO - host:per-nielsen-X541NA: pan and key submitted updated successfully pan:1234567890123456 cur:752
2025-03-24 20:21:29,596 - INFO - Request received{"msg_code": "0100", "f002": "1234567890123456", "f004": "000000012345", "f049": "752"}
2025-03-24 20:21:29,597 - INFO - host:per-nielsen-X541NA: pan and key submitted updated successfully pan:1234567890123456 cur:752
2025-03-24 20:21:29,604 - INFO - Request received{"msg_code": "0100", "f002": "1234567890123456", "f004": "000000012345", "f049": "752"}
2025-03-24 20:21:29,604 - INFO - host:per-nielsen-X541NA: pan and key submitted updated successfully pan:1234567890123456 cur:752
2025-03-25 19:12:47,083 - INFO - Request received{"key_name": "IMK_k1", "pan": "5656781234567891", "psn": "01", "atc": "0001", "data": "00000000510000000000000007920000208000094917041900B49762F2390000010105A0400000200000000000000000", "data_with_80": "00000000510000000000000007920000208000094917041900B49762F2390000010105A040000020000000000000000080"}
2025-03-25 19:13:34,836 - INFO - Request received{"key_name": "IMK_k1", "pan": "5656781234567891", "psn": "01", "atc": "0001", "data": "00000000510000000000000007920000208000094917041900B49762F2390000010105A0400000200000000000000000", "data_with_80": "00000000510000000000000007920000208000094917041900B49762F2390000010105A040000020000000000000000080"}
2025-03-25 19:14:31,485 - INFO - Request received{"key_name": "IMK_k1", "pan": "5656781234567891", "psn": "01", "atc": "0001", "data": "00000000510000000000000007920000208000094917041900B49762F2390000010105A0400000200000000000000000", "data_with_80": "00000000510000000000000007920000208000094917041900B49762F2390000010105A040000020000000000000000080"}
2025-03-25 19:17:42,601 - INFO - Request received{"key_name": "IMK_k1", "pan": "5656781234567891", "psn": "01", "atc": "0001", "data": "00000000510000000000000007920000208000094917041900B49762F2390000010105A0400000200000000000000000", "data_with_80": "00000000510000000000000007920000208000094917041900B49762F2390000010105A040000020000000000000000080"}
2025-03-25 19:17:57,620 - INFO - host:per-nielsen-X541NA: pan and key submitted updated successfully pan:5656781234567891 key:IMK_k1
2025-03-25 20:33:55,491 - INFO - Loading keys store from:../data/PnCryptoKeys.json
2025-03-25 20:36:26,448 - INFO - Loading keys store from:../data/PnCryptoKeys.json
2025-03-25 20:37:03,409 - INFO - Request received{"key_name": "IMK_k1", "pan": "5656781234567891", "psn": "01", "atc": "0001", "data": "00000000510000000000000007920000208000094917041900B49762F2390000010105A0400000200000000000000000", "data_with_80": "00000000510000000000000007920000208000094917041900B49762F2390000010105A040000020000000000000000080"}
2025-03-25 20:37:03,413 - INFO - host:per-nielsen-X541NA: calculated arqc : f5eb72ed4f51b9de
2025-03-25 20:41:23,570 - INFO - Loading keys store from:../data/PnCryptoKeys.json
2025-03-25 20:42:02,341 - INFO - Request received{"key_name": "IMK_k1", "pan": "5656781234567891", "psn": "01", "atc": "0001", "data": "00000000510000000000000007920000208000094917041900B49762F2390000010105A0400000200000000000000000", "data_with_80": "00000000510000000000000007920000208000094917041900B49762F2390000010105A040000020000000000000000080"}
2025-03-25 20:42:02,345 - INFO - host:per-nielsen-X541NA: calculated arqc : f5eb72ed4f51b9de
2025-03-25 20:42:02,359 - INFO - Request received{"pan": "5656781234567891", "psn": "01", "atc": "0001", "csu": "0012", "arqc": "F5EB72ED4F51B9DE"}
2025-03-25 20:44:43,846 - INFO - Loading keys store from:../data/PnCryptoKeys.json
2025-03-25 20:45:01,005 - INFO - Request received{"key_name": "IMK_k1", "pan": "5656781234567891", "psn": "01", "atc": "0001", "data": "00000000510000000000000007920000208000094917041900B49762F2390000010105A0400000200000000000000000", "data_with_80": "00000000510000000000000007920000208000094917041900B49762F2390000010105A040000020000000000000000080"}
2025-03-25 20:45:01,009 - INFO - host:per-nielsen-X541NA: calculated arqc : f5eb72ed4f51b9de
2025-03-25 20:45:01,036 - INFO - Request received{"pan": "5656781234567891", "psn": "01", "atc": "0001", "csu": "0012", "arqc": "F5EB72ED4F51B9DE"}
2025-03-25 20:46:10,830 - INFO - Request received{"key_name": "IMK_k1", "pan": "5656781234567891", "psn": "01", "atc": "0001", "data": "00000000510000000000000007920000208000094917041900B49762F2390000010105A0400000200000000000000000", "data_with_80": "00000000510000000000000007920000208000094917041900B49762F2390000010105A040000020000000000000000080"}
2025-03-25 20:46:10,849 - INFO - host:per-nielsen-X541NA: calculated arqc : f5eb72ed4f51b9de
2025-03-25 20:46:10,876 - INFO - Request received{"pan": "5656781234567891", "psn": "01", "atc": "0001", "csu": "0012", "arqc": "F5EB72ED4F51B9DE"}
2025-03-25 20:46:43,226 - INFO - Request received{"key_name": "IMK_k1", "pan": "5656781234567891", "psn": "01", "atc": "0001", "data": "00000000510000000000000007920000208000094917041900B49762F2390000010105A0400000200000000000000000", "data_with_80": "00000000510000000000000007920000208000094917041900B49762F2390000010105A040000020000000000000000080"}
2025-03-25 20:46:43,232 - INFO - host:per-nielsen-X541NA: calculated arqc : f5eb72ed4f51b9de
2025-03-25 20:46:43,250 - INFO - Request received{"pan": "5656781234567891", "psn": "01", "atc": "0001", "csu": "0012", "arqc": "F5EB72ED4F51B9DE"}
2025-03-25 20:47:35,336 - INFO - Request received{"key_name": "IMK_k1", "pan": "5656781234567891", "psn": "01", "atc": "0001", "data": "00000000510000000000000007920000208000094917041900B49762F2390000010105A0400000200000000000000000", "data_with_80": "00000000510000000000000007920000208000094917041900B49762F2390000010105A040000020000000000000000080"}
2025-03-25 20:47:35,339 - INFO - host:per-nielsen-X541NA: calculated arqc : f5eb72ed4f51b9de
2025-03-25 20:47:35,353 - INFO - Request received{"key_name": "IMK_k1", "pan": "5656781234567891", "psn": "01", "atc": "0001", "csu": "0012", "arqc": "F5EB72ED4F51B9DE"}
2025-03-25 20:47:50,021 - INFO - host:per-nielsen-X541NA: calculated arqc : F5EB72ED4F51B9DE
2025-03-25 20:48:32,788 - INFO - Loading keys store from:../data/PnCryptoKeys.json
2025-03-25 20:48:50,611 - INFO - Request received{"key_name": "IMK_k1", "pan": "5656781234567891", "psn": "01", "atc": "0001", "data": "00000000510000000000000007920000208000094917041900B49762F2390000010105A0400000200000000000000000", "data_with_80": "00000000510000000000000007920000208000094917041900B49762F2390000010105A040000020000000000000000080"}
2025-03-25 20:48:50,615 - INFO - host:per-nielsen-X541NA: calculated arqc : f5eb72ed4f51b9de
2025-03-25 20:48:50,632 - INFO - Request received{"key_name": "IMK_k1", "pan": "5656781234567891", "psn": "01", "atc": "0001", "csu": "0012", "arqc": "F5EB72ED4F51B9DE"}
2025-03-25 20:48:50,635 - INFO - host:per-nielsen-X541NA: calculated arpc : a2092ccc0c25006b
2025-03-26 19:23:10,213 - INFO - Loading keys store from:../data/PnCryptoKeys.json
2025-03-26 19:23:57,341 - INFO - Request received{"key_name": "IMK_k1", "pan": "5656781234567891", "psn": "01", "atc": "0001", "data": "00000000510000000000000007920000208000094917041900B49762F2390000010105A0400000200000000000000000", "data_with_80": "00000000510000000000000007920000208000094917041900B49762F2390000010105A040000020000000000000000080"}
2025-03-26 19:23:57,347 - INFO - host:LAPTOP-P5P268SM: calculated arqc : f5eb72ed4f51b9de
2025-03-26 19:23:57,366 - INFO - Request received{"key_name": "IMK_k1", "pan": "5656781234567891", "psn": "01", "atc": "0001", "csu": "0012", "arqc": "F5EB72ED4F51B9DE"}
2025-03-26 19:23:57,368 - INFO - host:LAPTOP-P5P268SM: calculated arpc : a2092ccc0c25006b
2025-03-28 20:22:30,551 - INFO - Loading keys store from:../data/PnCryptoKeys.json
2025-03-28 20:22:58,001 - INFO - Request received{"key_name": "IMK_k1", "pan": "5656781234567891", "psn": "01", "atc": "0001", "data": "00000000510000000000000007920000208000094917041900B49762F2390000010105A0400000200000000000000000", "data_with_80": "00000000510000000000000007920000208000094917041900B49762F2390000010105A040000020000000000000000080"}
2025-03-28 20:22:58,004 - INFO - host:LAPTOP-P5P268SM: calculated arqc : f5eb72ed4f51b9de
2025-03-28 20:22:58,020 - INFO - Request received{"key_name": "IMK_k1", "pan": "5656781234567891", "psn": "01", "atc": "0001", "csu": "0012", "arqc": "F5EB72ED4F51B9DE"}
2025-03-28 20:22:58,022 - INFO - host:LAPTOP-P5P268SM: calculated arpc : a2092ccc0c25006b
2025-03-28 20:22:58,035 - INFO - get keys
2025-03-29 06:40:22,103 - INFO - Loading keys store from:../data/PnCryptoKeys.json
2025-03-29 06:40:42,649 - INFO - Request received{"key_name": "IMK_k1", "pan": "5656781234567891", "psn": "01", "atc": "0001", "data": "00000000510000000000000007920000208000094917041900B49762F2390000010105A0400000200000000000000000", "data_with_80": "00000000510000000000000007920000208000094917041900B49762F2390000010105A040000020000000000000000080"}
2025-03-29 06:40:42,654 - INFO - host:LAPTOP-P5P268SM: calculated arqc : f5eb72ed4f51b9de
2025-03-29 06:40:42,671 - INFO - Request received{"key_name": "IMK_k1", "pan": "5656781234567891", "psn": "01", "atc": "0001", "csu": "0012", "arqc": "F5EB72ED4F51B9DE"}
2025-03-29 06:40:42,673 - INFO - host:LAPTOP-P5P268SM: calculated arpc : a2092ccc0c25006b
2025-03-29 06:40:42,683 - INFO - get keys
2025-03-29 06:45:58,826 - INFO - Loading keys store from:../data/PnCryptoKeys.json
2025-03-29 06:46:07,129 - INFO - Request received{"key_name": "IMK_k1", "pan": "5656781234567891", "psn": "01", "atc": "0001", "data": "00000000510000000000000007920000208000094917041900B49762F2390000010105A0400000200000000000000000", "data_with_80": "00000000510000000000000007920000208000094917041900B49762F2390000010105A040000020000000000000000080"}
2025-03-29 06:46:07,132 - INFO - host:LAPTOP-P5P268SM: calculated arqc : f5eb72ed4f51b9de
2025-03-29 06:46:07,142 - INFO - Request received{"key_name": "IMK_k1", "pan": "5656781234567891", "psn": "01", "atc": "0001", "csu": "0012", "arqc": "F5EB72ED4F51B9DE"}
2025-03-29 06:46:07,144 - INFO - host:LAPTOP-P5P268SM: calculated arpc : a2092ccc0c25006b
2025-03-29 06:46:07,161 - INFO - get keys
2025-03-29 08:59:10,154 - INFO - Loading keys store from:../data/PnCryptoKeys.json
2025-03-29 08:59:34,178 - INFO - Request received{"key_name": "IMK_k1", "pan": "5656781234567891", "psn": "01", "atc": "0001", "data": "00000000510000000000000007920000208000094917041900B49762F2390000010105A0400000200000000000000000", "data_with_80": "00000000510000000000000007920000208000094917041900B49762F2390000010105A040000020000000000000000080"}
2025-03-29 08:59:34,181 - INFO - host:LAPTOP-P5P268SM: calculated arqc : f5eb72ed4f51b9de
2025-03-29 08:59:34,186 - INFO - Request received{"key_name": "IMK_k1", "pan": "5656781234567891", "psn": "01", "atc": "0001", "csu": "0012", "arqc": "F5EB72ED4F51B9DE"}
2025-03-29 08:59:34,187 - INFO - host:LAPTOP-P5P268SM: calculated arpc : a2092ccc0c25006b
2025-03-29 08:59:34,194 - INFO - get keys
2025-03-29 09:01:37,251 - INFO - Request received{"key_name": "IMK_k1", "pan": "5656781234567891", "psn": "01", "atc": "0001", "data": "00000000510000000000000007920000208000094917041900B49762F2390000010105A0400000200000000000000000", "data_with_80": "00000000510000000000000007920000208000094917041900B49762F2390000010105A040000020000000000000000080"}
2025-03-29 09:01:37,271 - INFO - host:LAPTOP-P5P268SM: calculated arqc : f5eb72ed4f51b9de
2025-03-29 09:01:37,293 - INFO - Request received{"key_name": "IMK_k1", "pan": "5656781234567891", "psn": "01", "atc": "0001", "csu": "0012", "arqc": "F5EB72ED4F51B9DE"}
2025-03-29 09:01:37,296 - INFO - host:LAPTOP-P5P268SM: calculated arpc : a2092ccc0c25006b
2025-03-29 09:01:37,312 - INFO - get keys
2025-03-29 09:02:25,487 - INFO - Request received{"key_name": "IMK_k1", "pan": "5656781234567891", "psn": "01", "atc": "0001", "data": "00000000510000000000000007920000208000094917041900B49762F2390000010105A0400000200000000000000000", "data_with_80": "00000000510000000000000007920000208000094917041900B49762F2390000010105A040000020000000000000000080"}
2025-03-29 09:02:25,490 - INFO - host:LAPTOP-P5P268SM: calculated arqc : f5eb72ed4f51b9de
2025-03-29 09:02:25,501 - INFO - Request received{"key_name": "IMK_k1", "pan": "5656781234567891", "psn": "01", "atc": "0001", "csu": "0012", "arqc": "F5EB72ED4F51B9DE"}
2025-03-29 09:02:25,503 - INFO - host:LAPTOP-P5P268SM: calculated arpc : a2092ccc0c25006b
2025-03-29 09:02:25,509 - INFO - get keys
2025-03-29 09:03:00,950 - INFO - Loading keys store from:../data/PnCryptoKeys.json
2025-03-29 09:03:14,477 - INFO - Request received{"key_name": "IMK_k1", "pan": "5656781234567891", "psn": "01", "atc": "0001", "data": "00000000510000000000000007920000208000094917041900B49762F2390000010105A0400000200000000000000000", "data_with_80": "00000000510000000000000007920000208000094917041900B49762F2390000010105A040000020000000000000000080"}
2025-03-29 09:03:14,479 - INFO - host:LAPTOP-P5P268SM: calculated arqc : f5eb72ed4f51b9de
2025-03-29 09:03:14,486 - INFO - Request received{"key_name": "IMK_k1", "pan": "5656781234567891", "psn": "01", "atc": "0001", "csu": "0012", "arqc": "F5EB72ED4F51B9DE"}
2025-03-29 09:03:14,487 - INFO - host:LAPTOP-P5P268SM: calculated arpc : a2092ccc0c25006b
2025-03-29 09:03:14,495 - INFO - get keys
2025-03-29 09:06:36,268 - INFO - Request received{"key_name": "IMK_k1", "pan": "5656781234567891", "psn": "01", "atc": "0001", "data": "00000000510000000000000007920000208000094917041900B49762F2390000010105A0400000200000000000000000", "data_with_80": "00000000510000000000000007920000208000094917041900B49762F2390000010105A040000020000000000000000080"}
2025-03-29 09:06:36,270 - INFO - host:LAPTOP-P5P268SM: calculated arqc : f5eb72ed4f51b9de
2025-03-29 09:06:36,276 - INFO - Request received{"key_name": "IMK_k1", "pan": "5656781234567891", "psn": "01", "atc": "0001", "csu": "0012", "arqc": "F5EB72ED4F51B9DE"}
2025-03-29 09:06:36,277 - INFO - host:LAPTOP-P5P268SM: calculated arpc : a2092ccc0c25006b
2025-03-29 09:06:36,283 - INFO - get keys
2025-03-29 09:09:59,148 - INFO - Loading keys store from:../data/PnCryptoKeys.json
2025-03-29 09:10:10,691 - INFO - Request received{"key_name": "IMK_k1", "pan": "5656781234567891", "psn": "01", "atc": "0001", "data": "00000000510000000000000007920000208000094917041900B49762F2390000010105A0400000200000000000000000", "data_with_80": "00000000510000000000000007920000208000094917041900B49762F2390000010105A040000020000000000000000080"}
2025-03-29 09:10:10,693 - INFO - host:LAPTOP-P5P268SM: calculated arqc : f5eb72ed4f51b9de
2025-03-29 09:10:10,699 - INFO - Request received{"key_name": "IMK_k1", "pan": "5656781234567891", "psn": "01", "atc": "0001", "csu": "0012", "arqc": "F5EB72ED4F51B9DE"}
2025-03-29 09:10:10,701 - INFO - host:LAPTOP-P5P268SM: calculated arpc : a2092ccc0c25006b
2025-03-29 09:10:10,707 - INFO - get keys
2025-03-29 10:05:59,318 - INFO - Loading keys store from:../data/PnCryptoKeys.json
2025-03-29 10:06:45,804 - INFO - Request received{"key_name": "IMK_k1", "pan": "5656781234567891", "psn": "01", "atc": "0001", "data": "00000000510000000000000007920000208000094917041900B49762F2390000010105A0400000200000000000000000", "data_with_80": "00000000510000000000000007920000208000094917041900B49762F2390000010105A040000020000000000000000080"}
2025-03-29 10:06:45,810 - INFO - host:LAPTOP-P5P268SM: calculated arqc : f5eb72ed4f51b9de
2025-03-29 10:06:45,818 - INFO - Request received{"key_name": "IMK_k1", "pan": "5656781234567891", "psn": "01", "atc": "0001", "csu": "0012", "arqc": "F5EB72ED4F51B9DE"}
2025-03-29 10:06:45,819 - INFO - host:LAPTOP-P5P268SM: calculated arpc : a2092ccc0c25006b
2025-03-29 10:06:45,826 - INFO - get keys
2025-03-29 10:10:31,671 - INFO - Request received{"key_name": "IMK_k1", "pan": "5656781234567891", "psn": "01", "atc": "0001", "data": "00000000510000000000000007920000208000094917041900B49762F2390000010105A0400000200000000000000000", "data_with_80": "00000000510000000000000007920000208000094917041900B49762F2390000010105A040000020000000000000000080"}
2025-03-29 10:10:31,674 - INFO - host:LAPTOP-P5P268SM: calculated arqc : f5eb72ed4f51b9de
2025-03-29 10:10:31,679 - INFO - Request received{"key_name": "IMK_k1", "pan": "5656781234567891", "psn": "01", "atc": "0001", "csu": "0012", "arqc": "F5EB72ED4F51B9DE"}
2025-03-29 10:10:31,681 - INFO - host:LAPTOP-P5P268SM: calculated arpc : a2092ccc0c25006b
2025-03-29 10:10:31,687 - INFO - get keys
2025-03-29 10:10:31,694 - INFO - get keys
2025-03-29 10:12:03,971 - INFO - Request received{"key_name": "IMK_k1", "pan": "5656781234567891", "psn": "01", "atc": "0001", "data": "00000000510000000000000007920000208000094917041900B49762F2390000010105A0400000200000000000000000", "data_with_80": "00000000510000000000000007920000208000094917041900B49762F2390000010105A040000020000000000000000080"}
2025-03-29 10:12:03,972 - INFO - host:LAPTOP-P5P268SM: calculated arqc : f5eb72ed4f51b9de
2025-03-29 10:12:03,978 - INFO - Request received{"key_name": "IMK_k1", "pan": "5656781234567891", "psn": "01", "atc": "0001", "csu": "0012", "arqc": "F5EB72ED4F51B9DE"}
2025-03-29 10:12:03,979 - INFO - host:LAPTOP-P5P268SM: calculated arpc : a2092ccc0c25006b
2025-03-29 10:12:03,986 - INFO - get keys
2025-03-29 10:12:44,737 - INFO - Loading keys store from:../data/PnCryptoKeys.json
2025-03-29 10:12:52,535 - INFO - Request received{"key_name": "IMK_k1", "pan": "5656781234567891", "psn": "01", "atc": "0001", "data": "00000000510000000000000007920000208000094917041900B49762F2390000010105A0400000200000000000000000", "data_with_80": "00000000510000000000000007920000208000094917041900B49762F2390000010105A040000020000000000000000080"}
2025-03-29 10:12:52,538 - INFO - host:LAPTOP-P5P268SM: calculated arqc : f5eb72ed4f51b9de
2025-03-29 10:12:52,544 - INFO - Request received{"key_name": "IMK_k1", "pan": "5656781234567891", "psn": "01", "atc": "0001", "csu": "0012", "arqc": "F5EB72ED4F51B9DE"}
2025-03-29 10:12:52,546 - INFO - host:LAPTOP-P5P268SM: calculated arpc : a2092ccc0c25006b
2025-03-29 10:12:52,551 - INFO - get keys
2025-03-29 10:28:48,420 - INFO - Loading keys store from:../data/PnCryptoKeys.json
2025-03-29 10:29:10,605 - INFO - Request received{"key_name": "IMK_k1", "pan": "5656781234567891", "psn": "01", "atc": "0001", "data": "00000000510000000000000007920000208000094917041900B49762F2390000010105A0400000200000000000000000", "data_with_80": "00000000510000000000000007920000208000094917041900B49762F2390000010105A040000020000000000000000080"}
2025-03-29 10:29:10,607 - INFO - host:LAPTOP-P5P268SM: calculated arqc : f5eb72ed4f51b9de
2025-03-29 10:29:10,616 - INFO - Request received{"key_name": "IMK_k1", "pan": "5656781234567891", "psn": "01", "atc": "0001", "csu": "0012", "arqc": "F5EB72ED4F51B9DE"}
2025-03-29 10:29:10,618 - INFO - host:LAPTOP-P5P268SM: calculated arpc : a2092ccc0c25006b
2025-03-29 10:29:10,631 - INFO - get keys
2025-03-29 10:29:37,743 - INFO - Request received{"key_name": "IMK_k1", "pan": "5656781234567891", "psn": "01", "atc": "0001", "data": "00000000510000000000000007920000208000094917041900B49762F2390000010105A0400000200000000000000000", "data_with_80": "00000000510000000000000007920000208000094917041900B49762F2390000010105A040000020000000000000000080"}
2025-03-29 10:29:37,746 - INFO - host:LAPTOP-P5P268SM: calculated arqc : f5eb72ed4f51b9de
2025-03-29 10:29:37,759 - INFO - Request received{"key_name": "IMK_k1", "pan": "5656781234567891", "psn": "01", "atc": "0001", "csu": "0012", "arqc": "F5EB72ED4F51B9DE"}
2025-03-29 10:29:37,761 - INFO - host:LAPTOP-P5P268SM: calculated arpc : a2092ccc0c25006b
2025-03-29 10:29:37,782 - INFO - get keys
2025-03-29 10:42:45,352 - INFO - get keys
2025-03-29 10:45:33,891 - INFO - Loading keys store from:../data/PnCryptoKeys.json
2025-03-29 10:45:51,415 - INFO - get keys
2025-03-29 10:47:51,529 - INFO - Loading keys store from:../data/PnCryptoKeys.json
2025-03-29 10:48:05,592 - INFO - get keys
2025-03-29 10:48:19,656 - INFO - get keys
2025-03-29 10:50:36,278 - INFO - Loading keys store from:../data/PnCryptoKeys.json
2025-03-29 10:54:23,614 - INFO - Loading keys store from:../data/PnCryptoKeys.json
2025-03-29 10:55:33,988 - INFO - Loading keys store from:../data/PnCryptoKeys.json
2025-03-29 10:57:28,748 - INFO - Loading keys store from:../data/PnCryptoKeys.json
2025-03-29 10:59:22,698 - INFO - Loading keys store from:../data/PnCryptoKeys.json
2025-03-29 11:02:06,431 - INFO - Loading keys store from:../data/PnCryptoKeys.json
2025-03-29 11:03:17,427 - INFO - Loading keys store from:../data/PnCryptoKeys.json
2025-03-29 11:03:33,521 - INFO - username:<starlette.requests.Request object at 0x7f0f87061d90>
2025-03-29 11:05:15,362 - INFO - Loading keys store from:../data/PnCryptoKeys.json
2025-03-29 11:05:38,263 - INFO - username:<starlette.requests.Request object at 0x7fd0d16e1f70>
2025-03-29 11:06:38,058 - INFO - Loading keys store from:../data/PnCryptoKeys.json
2025-03-29 11:06:53,168 - INFO - username:<starlette.requests.Request object at 0x7f1a9e4cdfd0>
2025-03-29 11:11:11,620 - INFO - Loading keys store from:../data/PnCryptoKeys.json
2025-03-29 11:11:22,534 - INFO - username:<starlette.requests.Request object at 0x7f4f41ae73e0>
2025-03-29 11:11:42,269 - INFO - Loading keys store from:../data/PnCryptoKeys.json
2025-03-29 11:11:51,092 - INFO - username:<starlette.requests.Request object at 0x7fbae3db6f90>
2025-03-29 11:12:00,247 - INFO - get keys
2025-03-29 11:12:57,474 - INFO - Loading keys store from:../data/PnCryptoKeys.json
2025-03-29 11:13:05,145 - INFO - get keys
2025-03-29 11:13:18,554 - INFO - get key
2025-03-29 11:15:36,855 - INFO - Loading keys store from:../data/PnCryptoKeys.json
2025-03-29 11:15:55,852 - INFO - get key
2025-03-29 11:18:30,844 - INFO - Loading keys store from:../data/PnCryptoKeys.json
2025-03-29 11:18:38,221 - INFO - get key
2025-03-29 11:18:39,118 - INFO - get key
2025-03-29 11:19:46,157 - INFO - Loading keys store from:../data/PnCryptoKeys.json
2025-03-29 11:19:53,876 - INFO - get key
2025-03-29 11:21:06,275 - INFO - Loading keys store from:../data/PnCryptoKeys.json
2025-03-29 11:21:12,315 - INFO - get key
2025-03-29 11:23:43,715 - INFO - Loading keys store from:../data/PnCryptoKeys.json
2025-03-29 11:23:57,724 - INFO - get key
2025-03-29 11:25:24,471 - INFO - Loading keys store from:../data/PnCryptoKeys.json
2025-03-29 11:25:38,117 - INFO - get key
2025-03-29 11:26:36,412 - INFO - Loading keys store from:../data/PnCryptoKeys.json
2025-03-29 11:26:40,366 - INFO - get key called with parameter id:IMK_k1
2025-03-29 11:26:53,437 - INFO - get key called with parameter id:IMK_k1
2025-03-29 11:28:23,507 - INFO - Loading keys store from:../data/PnCryptoKeys.json
2025-03-29 11:28:49,536 - INFO - Request received{"key_name": "IMK_k1", "pan": "5656781234567891", "psn": "01", "atc": "0001", "data": "00000000510000000000000007920000208000094917041900B49762F2390000010105A0400000200000000000000000", "data_with_80": "00000000510000000000000007920000208000094917041900B49762F2390000010105A040000020000000000000000080"}
2025-03-29 11:28:49,539 - INFO - host:LAPTOP-P5P268SM: calculated arqc : f5eb72ed4f51b9de
2025-03-29 11:28:49,543 - INFO - Request received{"key_name": "IMK_k1", "pan": "5656781234567891", "psn": "01", "atc": "0001", "csu": "0012", "arqc": "F5EB72ED4F51B9DE"}
2025-03-29 11:28:49,544 - INFO - host:LAPTOP-P5P268SM: calculated arpc : a2092ccc0c25006b
2025-03-29 11:28:49,550 - INFO - get keys
2025-03-29 11:28:49,558 - INFO - get key called with parameter id:IMK_k1
2025-03-29 11:30:11,013 - INFO - Loading keys store from:../data/PnCryptoKeys.json
2025-03-29 11:30:29,335 - INFO - Request received{"key_name": "IMK_k1", "pan": "5656781234567891", "psn": "01", "atc": "0001", "data": "00000000510000000000000007920000208000094917041900B49762F2390000010105A0400000200000000000000000", "data_with_80": "00000000510000000000000007920000208000094917041900B49762F2390000010105A040000020000000000000000080"}
2025-03-29 11:30:29,337 - INFO - host:LAPTOP-P5P268SM: calculated arqc : f5eb72ed4f51b9de
2025-03-29 11:30:29,343 - INFO - Request received{"key_name": "IMK_k1", "pan": "5656781234567891", "psn": "01", "atc": "0001", "csu": "0012", "arqc": "F5EB72ED4F51B9DE"}
2025-03-29 11:30:29,345 - INFO - host:LAPTOP-P5P268SM: calculated arpc : a2092ccc0c25006b
2025-03-29 11:30:29,350 - INFO - get keys
2025-03-29 11:30:29,361 - INFO - get key called with parameter id:IMK_k1
2025-03-30 07:55:09,794 - INFO - Loading keys store from:../data/PnCryptoKeys.json
2025-03-30 07:55:29,291 - INFO - Request received{"key_name": "IMK_k1", "pan": "5656781234567891", "psn": "01", "atc": "0001", "data": "00000000510000000000000007920000208000094917041900B49762F2390000010105A0400000200000000000000000", "data_with_80": "00000000510000000000000007920000208000094917041900B49762F2390000010105A040000020000000000000000080"}
2025-03-30 07:55:29,303 - INFO - Request received{"key_name": "IMK_k1", "pan": "5656781234567891", "psn": "01", "atc": "0001", "csu": "0012", "arqc": "F5EB72ED4F51B9DE"}
2025-03-30 07:55:29,312 - INFO - get keys
2025-03-30 07:55:29,331 - INFO - get key called with parameter id:IMK_k1
2025-03-30 07:57:29,210 - INFO - Request received{"msg_code": "0100", "f002": "6543210987654321", "f004": "000000023456", "f049": "752"}
2025-03-30 07:57:29,217 - INFO - host:LAPTOP-P5P268SM: pan and key submitted updated successfully pan:6543210987654321 cur:752
2025-03-30 07:57:29,242 - INFO - Request received{"msg_code": "0100", "f002": "1234567890123456", "f004": "000000012345", "f049": "752"}
2025-03-30 07:57:29,243 - INFO - host:LAPTOP-P5P268SM: pan and key submitted updated successfully pan:1234567890123456 cur:752
2025-03-30 07:57:29,253 - INFO - Request received{"key_name": "IMK_k1", "pan": "5656781234567891", "psn": "01", "atc": "0001", "data": "00000000510000000000000007920000208000094917041900B49762F2390000010105A0400000200000000000000000", "data_with_80": "00000000510000000000000007920000208000094917041900B49762F2390000010105A040000020000000000000000080"}
2025-03-30 07:57:29,269 - INFO - Request received{"key_name": "IMK_k1", "pan": "5656781234567891", "psn": "01", "atc": "0001", "csu": "0012", "arqc": "F5EB72ED4F51B9DE"}
2025-03-30 07:57:29,277 - INFO - get keys
2025-03-30 07:57:29,308 - INFO - get key called with parameter id:IMK_k1
2025-03-30 15:59:44,593 - INFO - Loading keys store from:../data/PnCryptoKeys.json
2025-03-30 16:00:47,552 - INFO - Request received{"msg_code": "0100", "f002": "6543210987654321", "f004": "000000023456", "f049": "752"}
2025-03-30 16:00:47,552 - INFO - host:LAPTOP-P5P268SM: pan and key submitted updated successfully pan:6543210987654321 cur:752
2025-03-30 16:00:47,558 - INFO - Request received{"msg_code": "0100", "f002": "1234567890123456", "f004": "000000012345", "f049": "752"}
2025-03-30 16:00:47,559 - INFO - host:LAPTOP-P5P268SM: pan and key submitted updated successfully pan:1234567890123456 cur:752
2025-03-30 16:00:47,564 - INFO - Request received{"key_name": "IMK_k1", "pan": "5656781234567891", "psn": "01", "atc": "0001", "data": "00000000510000000000000007920000208000094917041900B49762F2390000010105A0400000200000000000000000", "data_with_80": "00000000510000000000000007920000208000094917041900B49762F2390000010105A040000020000000000000000080"}
2025-03-30 16:00:47,568 - INFO - Request received{"key_name": "IMK_k1", "pan": "5656781234567891", "psn": "01", "atc": "0001", "csu": "0012", "arqc": "F5EB72ED4F51B9DE"}
2025-03-30 16:00:47,573 - INFO - get keys
2025-03-30 16:00:47,578 - INFO - get key called with parameter id:IMK_k1
2025-03-30 16:30:25,392 - INFO - Loading keys store from:../data/PnCryptoKeys.json
2025-03-30 16:30:31,189 - INFO - Request received{"key_name": "IMK_k1", "pan": "5656781234567891", "psn": "01", "atc": "0001", "data": "00000000510000000000000007920000208000094917041900B49762F2390000010105A0400000200000000000000000", "data_with_80": "00000000510000000000000007920000208000094917041900B49762F2390000010105A040000020000000000000000080"}
2025-03-30 16:30:31,196 - INFO - Request received{"key_name": "IMK_k1", "pan": "5656781234567891", "psn": "01", "atc": "0001", "csu": "0012", "arqc": "F5EB72ED4F51B9DE"}
2025-03-30 16:30:31,200 - INFO - get keys
2025-03-30 16:30:31,203 - INFO - get key called with parameter id:IMK_k1
2025-03-30 16:30:31,209 - INFO - Request received{"msg_code": "0100", "f002": "6543210987654321", "f004": "000000023456", "f049": "752"}
2025-03-30 16:30:31,210 - INFO - host:LAPTOP-P5P268SM: pan and key submitted updated successfully pan:6543210987654321 cur:752
2025-03-30 16:30:31,215 - INFO - Request received{"msg_code": "0100", "f002": "1234567890123456", "f004": "000000012345", "f049": "752"}
2025-03-30 16:30:31,215 - INFO - host:LAPTOP-P5P268SM: pan and key submitted updated successfully pan:1234567890123456 cur:752
2025-03-30 16:31:10,704 - INFO - Request received{"key_name": "IMK_k1", "pan": "5656781234567891", "psn": "01", "atc": "0001", "data": "00000000510000000000000007920000208000094917041900B49762F2390000010105A0400000200000000000000000", "data_with_80": "00000000510000000000000007920000208000094917041900B49762F2390000010105A040000020000000000000000080"}
2025-03-30 16:31:10,710 - INFO - Request received{"key_name": "IMK_k1", "pan": "5656781234567891", "psn": "01", "atc": "0001", "csu": "0012", "arqc": "F5EB72ED4F51B9DE"}
2025-03-30 16:31:10,714 - INFO - get keys
2025-03-30 16:31:10,719 - INFO - get key called with parameter id:IMK_k1
2025-03-30 16:31:10,723 - INFO - Request received{"msg_code": "0100", "f002": "6543210987654321", "f004": "000000023456", "f049": "752"}
2025-03-30 16:31:10,724 - INFO - host:LAPTOP-P5P268SM: pan and key submitted updated successfully pan:6543210987654321 cur:752
2025-03-30 16:31:10,728 - INFO - Request received{"msg_code": "0100", "f002": "1234567890123456", "f004": "000000012345", "f049": "752"}
2025-03-30 16:31:10,729 - INFO - host:LAPTOP-P5P268SM: pan and key submitted updated successfully pan:1234567890123456 cur:752
2025-03-30 16:33:08,353 - INFO - Request received{"key_name": "IMK_k1", "pan": "5656781234567891", "psn": "01", "atc": "0001", "data": "00000000510000000000000007920000208000094917041900B49762F2390000010105A0400000200000000000000000", "data_with_80": "00000000510000000000000007920000208000094917041900B49762F2390000010105A040000020000000000000000080"}
2025-03-30 16:33:08,358 - INFO - Request received{"key_name": "IMK_k1", "pan": "5656781234567891", "psn": "01", "atc": "0001", "csu": "0012", "arqc": "F5EB72ED4F51B9DE"}
2025-03-30 16:33:08,362 - INFO - get keys
2025-03-30 16:33:08,367 - INFO - get key called with parameter id:IMK_k1
2025-03-30 16:33:08,373 - INFO - Request received{"msg_code": "0100", "f002": "6543210987654321", "f004": "000000023456", "f049": "752"}
2025-03-30 16:33:08,374 - INFO - host:LAPTOP-P5P268SM: pan and key submitted updated successfully pan:6543210987654321 cur:752
2025-03-30 16:33:08,377 - INFO - Request received{"msg_code": "0100", "f002": "1234567890123456", "f004": "000000012345", "f049": "752"}
2025-03-30 16:33:08,378 - INFO - host:LAPTOP-P5P268SM: pan and key submitted updated successfully pan:1234567890123456 cur:752
2025-03-30 16:33:36,043 - INFO - Request received{"key_name": "IMK_k1", "pan": "5656781234567891", "psn": "01", "atc": "0001", "data": "00000000510000000000000007920000208000094917041900B49762F2390000010105A0400000200000000000000000", "data_with_80": "00000000510000000000000007920000208000094917041900B49762F2390000010105A040000020000000000000000080"}
2025-03-30 16:33:36,050 - INFO - Request received{"key_name": "IMK_k1", "pan": "5656781234567891", "psn": "01", "atc": "0001", "csu": "0012", "arqc": "F5EB72ED4F51B9DE"}
2025-03-30 16:33:36,055 - INFO - get keys
2025-03-30 16:33:36,059 - INFO - get key called with parameter id:IMK_k1
2025-03-30 16:33:36,064 - INFO - Request received{"msg_code": "0100", "f002": "6543210987654321", "f004": "000000023456", "f049": "752"}
2025-03-30 16:33:36,064 - INFO - host:LAPTOP-P5P268SM: pan and key submitted updated successfully pan:6543210987654321 cur:752
2025-03-30 16:33:36,069 - INFO - Request received{"msg_code": "0100", "f002": "1234567890123456", "f004": "000000012345", "f049": "752"}
2025-03-30 16:33:36,069 - INFO - host:LAPTOP-P5P268SM: pan and key submitted updated successfully pan:1234567890123456 cur:752
2025-03-30 18:58:44,568 - INFO - Loading keys store from:../data/PnCrypto_key_store.json
2025-03-30 18:59:49,317 - INFO - Loading keys store from:../data/PnCrypto_key_store.json
2025-03-30 19:01:59,047 - INFO - Request received{"key_name": "IMK_k1", "pan": "5656781234567891", "psn": "01", "atc": "0001", "data": "00000000510000000000000007920000208000094917041900B49762F2390000010105A0400000200000000000000000", "data_with_80": "00000000510000000000000007920000208000094917041900B49762F2390000010105A040000020000000000000000080"}
2025-03-30 19:01:59,053 - INFO - Request received{"key_name": "IMK_k1", "pan": "5656781234567891", "psn": "01", "atc": "0001", "csu": "0012", "arqc": "F5EB72ED4F51B9DE"}
2025-03-30 19:01:59,057 - INFO - get keys
2025-03-30 19:01:59,062 - INFO - get key called with parameter id:IMK_k1
2025-03-30 19:01:59,066 - INFO - Request received{"msg_code": "0100", "f002": "6543210987654321", "f004": "000000023456", "f049": "752"}
2025-03-30 19:01:59,067 - INFO - host:LAPTOP-P5P268SM: pan and key submitted updated successfully pan:6543210987654321 cur:752
2025-03-30 19:01:59,070 - INFO - Request received{"msg_code": "0100", "f002": "1234567890123456", "f004": "000000012345", "f049": "752"}
2025-03-30 19:01:59,070 - INFO - host:LAPTOP-P5P268SM: pan and key submitted updated successfully pan:1234567890123456 cur:752
2025-03-30 19:03:45,446 - INFO - Loading keys store from:../data/PnCrypto_key_store.json
2025-03-30 19:04:08,614 - INFO - Request received{"key_name": "IMK_k1", "pan": "5656781234567891", "psn": "01", "atc": "0001", "data": "00000000510000000000000007920000208000094917041900B49762F2390000010105A0400000200000000000000000", "data_with_80": "00000000510000000000000007920000208000094917041900B49762F2390000010105A040000020000000000000000080"}
2025-03-30 19:04:08,620 - INFO - Request received{"key_name": "IMK_k1", "pan": "5656781234567891", "psn": "01", "atc": "0001", "csu": "0012", "arqc": "F5EB72ED4F51B9DE"}
2025-03-30 19:04:08,626 - INFO - get keys
2025-03-30 19:04:08,630 - INFO - get key called with parameter id:IMK_k1
2025-03-30 19:04:08,635 - INFO - Request received{"msg_code": "0100", "f002": "6543210987654321", "f004": "000000023456", "f049": "752"}
2025-03-30 19:04:08,635 - INFO - host:LAPTOP-P5P268SM: pan and key submitted updated successfully pan:6543210987654321 cur:752
2025-03-30 19:04:08,640 - INFO - Request received{"msg_code": "0100", "f002": "1234567890123456", "f004": "000000012345", "f049": "752"}
2025-03-30 19:04:08,640 - INFO - host:LAPTOP-P5P268SM: pan and key submitted updated successfully pan:1234567890123456 cur:752
