2025-03-23 17:04:40,540 - INFO - Started
2025-03-23 17:04:40,542 - INFO - {'msg_code': '0100', 'f002': '6543210987654321', 'f004': '000000023456', 'f049': '752'}
2025-03-23 17:04:40,542 - INFO - testing:Test number 2 repeat:2
2025-03-23 17:04:40,568 - INFO - start:17:04:40.543048 end:17:04:40.567941 diff:0:00:00.024893 port:8002
2025-03-23 17:04:40,568 - INFO - {'message': 'host:0482d3cf2ec1: pan and key submitted updated successfully pan:6543210987654321 cur:752'}
2025-03-23 17:04:40,576 - INFO - start:17:04:40.568535 end:17:04:40.576093 diff:0:00:00.007558 port:8002
2025-03-23 17:04:40,576 - INFO - {'message': 'host:0482d3cf2ec1: pan and key submitted updated successfully pan:6543210987654321 cur:752'}
2025-03-23 17:04:40,577 - INFO - {'msg_code': '0100', 'f002': '1234567890123456', 'f004': '000000012345', 'f049': '752'}
2025-03-23 17:04:40,578 - INFO - testing:Test number 1 repeat:3
2025-03-23 17:04:40,590 - INFO - start:17:04:40.578241 end:17:04:40.590789 diff:0:00:00.012548 port:8080
2025-03-23 17:04:40,591 - INFO - {'message': 'host:81f79b770682: pan and key submitted updated successfully pan:1234567890123456 cur:752'}
2025-03-23 17:04:40,604 - INFO - start:17:04:40.591620 end:17:04:40.604504 diff:0:00:00.012884 port:8080
2025-03-23 17:04:40,604 - INFO - {'message': 'host:0482d3cf2ec1: pan and key submitted updated successfully pan:1234567890123456 cur:752'}
2025-03-23 17:04:40,618 - INFO - start:17:04:40.605188 end:17:04:40.618780 diff:0:00:00.013592 port:8080
2025-03-23 17:04:40,619 - INFO - {'message': 'host:81f79b770682: pan and key submitted updated successfully pan:1234567890123456 cur:752'}
2025-03-23 17:04:40,619 - INFO - Finished
2025-03-24 20:06:26,840 - INFO - Started
2025-03-24 20:06:26,842 - INFO - {'msg_code': '0100', 'f002': '6543210987654321', 'f004': '000000023456', 'f049': '752'}
2025-03-24 20:06:26,842 - INFO - testing:Test number 2 repeat:2
2025-03-24 20:06:26,856 - INFO - start:20:06:26.842630 end:20:06:26.855908 diff:0:00:00.013278 port:8002
2025-03-24 20:06:26,857 - INFO - {'message': 'host:62ba28b68065: pan and key submitted updated successfully pan:6543210987654321 cur:752'}
2025-03-24 20:06:26,871 - INFO - start:20:06:26.857943 end:20:06:26.871576 diff:0:00:00.013633 port:8002
2025-03-24 20:06:26,872 - INFO - {'message': 'host:62ba28b68065: pan and key submitted updated successfully pan:6543210987654321 cur:752'}
2025-03-24 20:06:26,873 - INFO - {'msg_code': '0100', 'f002': '1234567890123456', 'f004': '000000012345', 'f049': '752'}
2025-03-24 20:06:26,874 - INFO - testing:Test number 1 repeat:3
2025-03-24 20:06:26,884 - INFO - start:20:06:26.874175 end:20:06:26.884439 diff:0:00:00.010264 port:8080
2025-03-24 20:06:26,884 - INFO - {'message': 'host:402451e91ec7: pan and key submitted updated successfully pan:1234567890123456 cur:752'}
2025-03-24 20:06:26,896 - INFO - start:20:06:26.884957 end:20:06:26.896754 diff:0:00:00.011797 port:8080
2025-03-24 20:06:26,897 - INFO - {'message': 'host:62ba28b68065: pan and key submitted updated successfully pan:1234567890123456 cur:752'}
2025-03-24 20:06:26,909 - INFO - start:20:06:26.897484 end:20:06:26.909383 diff:0:00:00.011899 port:8080
2025-03-24 20:06:26,909 - INFO - {'message': 'host:402451e91ec7: pan and key submitted updated successfully pan:1234567890123456 cur:752'}
2025-03-24 20:06:26,910 - INFO - Finished
2025-03-24 20:10:11,533 - INFO - Started
2025-03-24 20:10:11,534 - INFO - {'msg_code': '0100', 'f002': '6543210987654321', 'f004': '000000023456', 'f049': '752'}
2025-03-24 20:10:11,534 - INFO - testing:Test number 2 repeat:2
2025-03-24 20:12:59,628 - INFO - Started
2025-03-24 20:12:59,629 - INFO - {'msg_code': '0100', 'f002': '6543210987654321', 'f004': '000000023456', 'f049': '752'}
2025-03-24 20:12:59,629 - INFO - testing:Test number 2 repeat:2
2025-03-24 20:12:59,642 - INFO - start:20:12:59.629537 end:20:12:59.641783 diff:0:00:00.012246 port:8080
2025-03-24 20:12:59,642 - INFO - {'message': 'host:per-nielsen-X541NA: pan and key submitted updated successfully pan:6543210987654321 cur:752'}
2025-03-24 20:12:59,658 - INFO - start:20:12:59.642986 end:20:12:59.658622 diff:0:00:00.015636 port:8080
2025-03-24 20:12:59,659 - INFO - {'message': 'host:per-nielsen-X541NA: pan and key submitted updated successfully pan:6543210987654321 cur:752'}
2025-03-24 20:12:59,660 - INFO - {'msg_code': '0100', 'f002': '1234567890123456', 'f004': '000000012345', 'f049': '752'}
2025-03-24 20:12:59,660 - INFO - testing:Test number 1 repeat:3
2025-03-24 20:12:59,669 - INFO - start:20:12:59.660852 end:20:12:59.668992 diff:0:00:00.008140 port:8080
2025-03-24 20:12:59,670 - INFO - {'message': 'host:per-nielsen-X541NA: pan and key submitted updated successfully pan:1234567890123456 cur:752'}
2025-03-24 20:12:59,680 - INFO - start:20:12:59.670636 end:20:12:59.680370 diff:0:00:00.009734 port:8080
2025-03-24 20:12:59,681 - INFO - {'message': 'host:per-nielsen-X541NA: pan and key submitted updated successfully pan:1234567890123456 cur:752'}
2025-03-24 20:12:59,690 - INFO - start:20:12:59.682604 end:20:12:59.690098 diff:0:00:00.007494 port:8080
2025-03-24 20:12:59,690 - INFO - {'message': 'host:per-nielsen-X541NA: pan and key submitted updated successfully pan:1234567890123456 cur:752'}
2025-03-24 20:12:59,692 - INFO - Finished
2025-03-24 20:15:23,538 - INFO - Started
2025-03-24 20:16:19,094 - INFO - Started
2025-03-24 20:16:19,095 - INFO - {'msg_code': '0100', 'f002': '6543210987654321', 'f004': '000000023456', 'f049': '752'}
2025-03-24 20:16:19,095 - INFO - testing:Test number 2 repeat:2
2025-03-24 20:16:19,105 - INFO - start:20:16:19.095612 end:20:16:19.105844 diff:0:00:00.010232 port:8080
2025-03-24 20:16:19,106 - INFO - {'message': 'host:per-nielsen-X541NA: pan and key submitted updated successfully pan:6543210987654321 cur:752'}
2025-03-24 20:16:19,116 - INFO - start:20:16:19.106580 end:20:16:19.116220 diff:0:00:00.009640 port:8080
2025-03-24 20:16:19,116 - INFO - {'message': 'host:per-nielsen-X541NA: pan and key submitted updated successfully pan:6543210987654321 cur:752'}
2025-03-24 20:16:19,117 - INFO - {'msg_code': '0100', 'f002': '1234567890123456', 'f004': '000000012345', 'f049': '752'}
2025-03-24 20:16:19,118 - INFO - testing:Test number 1 repeat:3
2025-03-24 20:16:19,135 - INFO - start:20:16:19.118279 end:20:16:19.134924 diff:0:00:00.016645 port:8080
2025-03-24 20:16:19,135 - INFO - {'message': 'host:per-nielsen-X541NA: pan and key submitted updated successfully pan:1234567890123456 cur:752'}
2025-03-24 20:16:19,147 - INFO - start:20:16:19.135662 end:20:16:19.147629 diff:0:00:00.011967 port:8080
2025-03-24 20:16:19,151 - INFO - {'message': 'host:per-nielsen-X541NA: pan and key submitted updated successfully pan:1234567890123456 cur:752'}
2025-03-24 20:16:19,165 - INFO - start:20:16:19.152282 end:20:16:19.165712 diff:0:00:00.013430 port:8080
2025-03-24 20:16:19,166 - INFO - {'message': 'host:per-nielsen-X541NA: pan and key submitted updated successfully pan:1234567890123456 cur:752'}
2025-03-24 20:16:19,166 - INFO - Finished
2025-03-24 20:21:29,555 - INFO - Started
2025-03-24 20:21:29,556 - INFO - {'msg_code': '0100', 'f002': '6543210987654321', 'f004': '000000023456', 'f049': '752'}
2025-03-24 20:21:29,556 - INFO - testing:Test number 2 repeat:2
2025-03-24 20:21:29,568 - INFO - start:20:21:29.557101 end:20:21:29.568417 diff:0:00:00.011316 port:8080
2025-03-24 20:21:29,568 - INFO - {'message': 'host:per-nielsen-X541NA: pan and key submitted updated successfully pan:6543210987654321 cur:752'}
2025-03-24 20:21:29,578 - INFO - start:20:21:29.569185 end:20:21:29.578119 diff:0:00:00.008934 port:8080
2025-03-24 20:21:29,580 - INFO - {'message': 'host:per-nielsen-X541NA: pan and key submitted updated successfully pan:6543210987654321 cur:752'}
2025-03-24 20:21:29,581 - INFO - {'msg_code': '0100', 'f002': '1234567890123456', 'f004': '000000012345', 'f049': '752'}
2025-03-24 20:21:29,582 - INFO - testing:Test number 1 repeat:3
2025-03-24 20:21:29,591 - INFO - start:20:21:29.582418 end:20:21:29.591463 diff:0:00:00.009045 port:8080
2025-03-24 20:21:29,592 - INFO - {'message': 'host:per-nielsen-X541NA: pan and key submitted updated successfully pan:1234567890123456 cur:752'}
2025-03-24 20:21:29,600 - INFO - start:20:21:29.592685 end:20:21:29.600214 diff:0:00:00.007529 port:8080
2025-03-24 20:21:29,600 - INFO - {'message': 'host:per-nielsen-X541NA: pan and key submitted updated successfully pan:1234567890123456 cur:752'}
2025-03-24 20:21:29,609 - INFO - start:20:21:29.601001 end:20:21:29.609418 diff:0:00:00.008417 port:8080
2025-03-24 20:21:29,610 - INFO - {'message': 'host:per-nielsen-X541NA: pan and key submitted updated successfully pan:1234567890123456 cur:752'}
2025-03-24 20:21:29,612 - INFO - Finished
2025-03-25 19:11:53,541 - INFO - Started
2025-03-25 19:12:47,069 - INFO - Started
2025-03-25 19:12:47,071 - INFO - {'key_name': 'IMK_k1', 'pan': '5656781234567891', 'psn': '01', 'atc': '0001', 'data': '00000000510000000000000007920000208000094917041900B49762F2390000010105A0400000200000000000000000', 'data_with_80': '00000000510000000000000007920000208000094917041900B49762F2390000010105A040000020000000000000000080'}
2025-03-25 19:12:47,071 - INFO - testing:Calculate ARQC for EMV repeat:1
2025-03-25 19:12:47,091 - INFO - start:19:12:47.073018 end:19:12:47.090930 diff:0:00:00.017912 port:8080
2025-03-25 19:12:47,091 - INFO - {'detail': 'Incomplete data provided'}
2025-03-25 19:12:47,092 - INFO - Finished
2025-03-25 19:13:34,821 - INFO - Started
2025-03-25 19:13:34,823 - INFO - {'key_name': 'IMK_k1', 'pan': '5656781234567891', 'psn': '01', 'atc': '0001', 'data': '00000000510000000000000007920000208000094917041900B49762F2390000010105A0400000200000000000000000', 'data_with_80': '00000000510000000000000007920000208000094917041900B49762F2390000010105A040000020000000000000000080'}
2025-03-25 19:13:34,824 - INFO - testing:Calculate ARQC for EMV repeat:1
2025-03-25 19:13:34,854 - INFO - start:19:13:34.824301 end:19:13:34.854336 diff:0:00:00.030035 port:8080
2025-03-25 19:13:34,857 - INFO - {'detail': 'Incomplete data provided'}
2025-03-25 19:13:34,857 - INFO - Finished
2025-03-25 19:14:31,455 - INFO - Started
2025-03-25 19:14:31,456 - INFO - {'key_name': 'IMK_k1', 'pan': '5656781234567891', 'psn': '01', 'atc': '0001', 'data': '00000000510000000000000007920000208000094917041900B49762F2390000010105A0400000200000000000000000', 'data_with_80': '00000000510000000000000007920000208000094917041900B49762F2390000010105A040000020000000000000000080'}
2025-03-25 19:14:31,457 - INFO - testing:Calculate ARQC for EMV repeat:1
2025-03-25 19:15:22,152 - INFO - start:19:14:31.457856 end:19:15:22.152428 diff:0:00:50.694572 port:8080
2025-03-25 19:15:22,153 - INFO - {'detail': 'Incomplete data provided'}
2025-03-25 19:15:22,153 - INFO - Finished
2025-03-25 19:17:42,557 - INFO - Started
2025-03-25 19:17:42,561 - INFO - {'key_name': 'IMK_k1', 'pan': '5656781234567891', 'psn': '01', 'atc': '0001', 'data': '00000000510000000000000007920000208000094917041900B49762F2390000010105A0400000200000000000000000', 'data_with_80': '00000000510000000000000007920000208000094917041900B49762F2390000010105A040000020000000000000000080'}
2025-03-25 19:17:42,562 - INFO - testing:Calculate ARQC for EMV repeat:1
2025-03-25 19:17:57,640 - INFO - start:19:17:42.562631 end:19:17:57.639935 diff:0:00:15.077304 port:8080
2025-03-25 19:17:57,640 - INFO - {'message': 'host:per-nielsen-X541NA: pan and key submitted updated successfully pan:5656781234567891 key:IMK_k1'}
2025-03-25 19:17:57,640 - INFO - Finished
2025-03-25 20:37:03,397 - INFO - Started
2025-03-25 20:37:03,399 - INFO - {'key_name': 'IMK_k1', 'pan': '5656781234567891', 'psn': '01', 'atc': '0001', 'data': '00000000510000000000000007920000208000094917041900B49762F2390000010105A0400000200000000000000000', 'data_with_80': '00000000510000000000000007920000208000094917041900B49762F2390000010105A040000020000000000000000080'}
2025-03-25 20:37:03,399 - INFO - testing:Calculate ARQC for EMV repeat:1
2025-03-25 20:37:03,419 - INFO - start:20:37:03.400420 end:20:37:03.419119 diff:0:00:00.018699 port:8080
2025-03-25 20:37:03,419 - INFO - {'message': 'host:per-nielsen-X541NA: calculated arqc : f5eb72ed4f51b9de'}
2025-03-25 20:37:03,420 - INFO - Finished
2025-03-25 20:42:02,330 - INFO - Started
2025-03-25 20:42:02,331 - INFO - {'key_name': 'IMK_k1', 'pan': '5656781234567891', 'psn': '01', 'atc': '0001', 'data': '00000000510000000000000007920000208000094917041900B49762F2390000010105A0400000200000000000000000', 'data_with_80': '00000000510000000000000007920000208000094917041900B49762F2390000010105A040000020000000000000000080'}
2025-03-25 20:42:02,331 - INFO - testing:Calculate ARQC for EMV repeat:1
2025-03-25 20:42:02,350 - INFO - start:20:42:02.331789 end:20:42:02.350115 diff:0:00:00.018326 port:8080
2025-03-25 20:42:02,350 - INFO - {'message': 'host:per-nielsen-X541NA: calculated arqc : f5eb72ed4f51b9de'}
2025-03-25 20:42:02,351 - INFO - {'pan': '5656781234567891', 'psn': '01', 'atc': '0001', 'csu': '0012', 'arqc': 'F5EB72ED4F51B9DE'}
2025-03-25 20:42:02,351 - INFO - testing:Calculate ARPC for EMV repeat:1
2025-03-25 20:42:02,369 - INFO - start:20:42:02.351922 end:20:42:02.368970 diff:0:00:00.017048 port:8080
2025-03-25 20:42:02,369 - INFO - {'detail': 'An error occurred: {str(e)}'}
2025-03-25 20:42:02,372 - INFO - Finished
2025-03-25 20:45:00,982 - INFO - Started
2025-03-25 20:45:00,985 - INFO - {'key_name': 'IMK_k1', 'pan': '5656781234567891', 'psn': '01', 'atc': '0001', 'data': '00000000510000000000000007920000208000094917041900B49762F2390000010105A0400000200000000000000000', 'data_with_80': '00000000510000000000000007920000208000094917041900B49762F2390000010105A040000020000000000000000080'}
2025-03-25 20:45:00,987 - INFO - testing:Calculate ARQC for EMV repeat:1
2025-03-25 20:45:01,018 - INFO - start:20:45:00.988684 end:20:45:01.018378 diff:0:00:00.029694 port:8080
2025-03-25 20:45:01,019 - INFO - {'message': 'host:per-nielsen-X541NA: calculated arqc : f5eb72ed4f51b9de'}
2025-03-25 20:45:01,022 - INFO - {'pan': '5656781234567891', 'psn': '01', 'atc': '0001', 'csu': '0012', 'arqc': 'F5EB72ED4F51B9DE'}
2025-03-25 20:45:01,024 - INFO - testing:Calculate ARPC for EMV repeat:1
2025-03-25 20:45:01,049 - INFO - start:20:45:01.025268 end:20:45:01.049431 diff:0:00:00.024163 port:8080
2025-03-25 20:45:01,053 - INFO - {'detail': 'An error occurred: {str(e)}'}
2025-03-25 20:45:01,054 - INFO - Finished
2025-03-25 20:46:10,795 - INFO - Started
2025-03-25 20:46:10,796 - INFO - {'key_name': 'IMK_k1', 'pan': '5656781234567891', 'psn': '01', 'atc': '0001', 'data': '00000000510000000000000007920000208000094917041900B49762F2390000010105A0400000200000000000000000', 'data_with_80': '00000000510000000000000007920000208000094917041900B49762F2390000010105A040000020000000000000000080'}
2025-03-25 20:46:10,796 - INFO - testing:Calculate ARQC for EMV repeat:1
2025-03-25 20:46:10,863 - INFO - start:20:46:10.796783 end:20:46:10.863547 diff:0:00:00.066764 port:8080
2025-03-25 20:46:10,864 - INFO - {'message': 'host:per-nielsen-X541NA: calculated arqc : f5eb72ed4f51b9de'}
2025-03-25 20:46:10,866 - INFO - {'pan': '5656781234567891', 'psn': '01', 'atc': '0001', 'csu': '0012', 'arqc': 'F5EB72ED4F51B9DE'}
2025-03-25 20:46:10,867 - INFO - testing:Calculate ARPC for EMV repeat:1
2025-03-25 20:46:19,665 - INFO - start:20:46:10.868389 end:20:46:19.665833 diff:0:00:08.797444 port:8080
2025-03-25 20:46:19,666 - INFO - {'detail': 'An error occurred: {str(e)}'}
2025-03-25 20:46:19,666 - INFO - Finished
2025-03-25 20:46:43,211 - INFO - Started
2025-03-25 20:46:43,212 - INFO - {'key_name': 'IMK_k1', 'pan': '5656781234567891', 'psn': '01', 'atc': '0001', 'data': '00000000510000000000000007920000208000094917041900B49762F2390000010105A0400000200000000000000000', 'data_with_80': '00000000510000000000000007920000208000094917041900B49762F2390000010105A040000020000000000000000080'}
2025-03-25 20:46:43,212 - INFO - testing:Calculate ARQC for EMV repeat:1
2025-03-25 20:46:43,239 - INFO - start:20:46:43.212787 end:20:46:43.239569 diff:0:00:00.026782 port:8080
2025-03-25 20:46:43,240 - INFO - {'message': 'host:per-nielsen-X541NA: calculated arqc : f5eb72ed4f51b9de'}
2025-03-25 20:46:43,241 - INFO - {'pan': '5656781234567891', 'psn': '01', 'atc': '0001', 'csu': '0012', 'arqc': 'F5EB72ED4F51B9DE'}
2025-03-25 20:46:43,242 - INFO - testing:Calculate ARPC for EMV repeat:1
2025-03-25 20:46:57,183 - INFO - start:20:46:43.243693 end:20:46:57.183522 diff:0:00:13.939829 port:8080
2025-03-25 20:46:57,185 - INFO - {'detail': 'An error occurred: {str(e)}'}
2025-03-25 20:46:57,186 - INFO - Finished
2025-03-25 20:47:35,322 - INFO - Started
2025-03-25 20:47:35,323 - INFO - {'key_name': 'IMK_k1', 'pan': '5656781234567891', 'psn': '01', 'atc': '0001', 'data': '00000000510000000000000007920000208000094917041900B49762F2390000010105A0400000200000000000000000', 'data_with_80': '00000000510000000000000007920000208000094917041900B49762F2390000010105A040000020000000000000000080'}
2025-03-25 20:47:35,324 - INFO - testing:Calculate ARQC for EMV repeat:1
2025-03-25 20:47:35,343 - INFO - start:20:47:35.325487 end:20:47:35.343136 diff:0:00:00.017649 port:8080
2025-03-25 20:47:35,343 - INFO - {'message': 'host:per-nielsen-X541NA: calculated arqc : f5eb72ed4f51b9de'}
2025-03-25 20:47:35,344 - INFO - {'key_name': 'IMK_k1', 'pan': '5656781234567891', 'psn': '01', 'atc': '0001', 'csu': '0012', 'arqc': 'F5EB72ED4F51B9DE'}
2025-03-25 20:47:35,345 - INFO - testing:Calculate ARPC for EMV repeat:1
2025-03-25 20:47:50,030 - INFO - start:20:47:35.345407 end:20:47:50.030623 diff:0:00:14.685216 port:8080
2025-03-25 20:47:50,031 - INFO - {'message': 'host:per-nielsen-X541NA: calculated arqc : F5EB72ED4F51B9DE'}
2025-03-25 20:47:50,031 - INFO - Finished
2025-03-25 20:48:50,599 - INFO - Started
2025-03-25 20:48:50,600 - INFO - {'key_name': 'IMK_k1', 'pan': '5656781234567891', 'psn': '01', 'atc': '0001', 'data': '00000000510000000000000007920000208000094917041900B49762F2390000010105A0400000200000000000000000', 'data_with_80': '00000000510000000000000007920000208000094917041900B49762F2390000010105A040000020000000000000000080'}
2025-03-25 20:48:50,601 - INFO - testing:Calculate ARQC for EMV repeat:1
2025-03-25 20:48:50,620 - INFO - start:20:48:50.602481 end:20:48:50.619902 diff:0:00:00.017421 port:8080
2025-03-25 20:48:50,621 - INFO - {'message': 'host:per-nielsen-X541NA: calculated arqc : f5eb72ed4f51b9de'}
2025-03-25 20:48:50,622 - INFO - {'key_name': 'IMK_k1', 'pan': '5656781234567891', 'psn': '01', 'atc': '0001', 'csu': '0012', 'arqc': 'F5EB72ED4F51B9DE'}
2025-03-25 20:48:50,623 - INFO - testing:Calculate ARPC for EMV repeat:1
2025-03-25 20:48:50,638 - INFO - start:20:48:50.623941 end:20:48:50.638838 diff:0:00:00.014897 port:8080
2025-03-25 20:48:50,639 - INFO - {'message': 'host:per-nielsen-X541NA: calculated arpc : a2092ccc0c25006b'}
2025-03-25 20:48:50,639 - INFO - Finished
2025-03-26 19:23:57,327 - INFO - Started
2025-03-26 19:23:57,329 - INFO - {'key_name': 'IMK_k1', 'pan': '5656781234567891', 'psn': '01', 'atc': '0001', 'data': '00000000510000000000000007920000208000094917041900B49762F2390000010105A0400000200000000000000000', 'data_with_80': '00000000510000000000000007920000208000094917041900B49762F2390000010105A040000020000000000000000080'}
2025-03-26 19:23:57,330 - INFO - testing:Calculate ARQC for EMV repeat:1
2025-03-26 19:23:57,357 - INFO - start:19:23:57.330787 end:19:23:57.357271 diff:0:00:00.026484 port:8080
2025-03-26 19:23:57,358 - INFO - {'message': 'host:LAPTOP-P5P268SM: calculated arqc : f5eb72ed4f51b9de'}
2025-03-26 19:23:57,359 - INFO - {'key_name': 'IMK_k1', 'pan': '5656781234567891', 'psn': '01', 'atc': '0001', 'csu': '0012', 'arqc': 'F5EB72ED4F51B9DE'}
2025-03-26 19:23:57,359 - INFO - testing:Calculate ARPC for EMV repeat:1
2025-03-26 19:23:57,373 - INFO - start:19:23:57.360058 end:19:23:57.373866 diff:0:00:00.013808 port:8080
2025-03-26 19:23:57,374 - INFO - {'message': 'host:LAPTOP-P5P268SM: calculated arpc : a2092ccc0c25006b'}
2025-03-26 19:23:57,375 - INFO - Finished
2025-03-27 18:01:42,280 - INFO - Started
2025-03-27 18:01:42,286 - INFO - {'key_name': 'IMK_k1', 'pan': '5656781234567891', 'psn': '01', 'atc': '0001', 'data': '00000000510000000000000007920000208000094917041900B49762F2390000010105A0400000200000000000000000', 'data_with_80': '00000000510000000000000007920000208000094917041900B49762F2390000010105A040000020000000000000000080'}
2025-03-27 18:01:42,286 - INFO - testing:Calculate ARQC for EMV repeat:1
2025-03-27 18:01:42,376 - INFO - start:18:01:42.288183 end:18:01:42.373477 diff:0:00:00.085294 port:8080
2025-03-27 18:01:42,377 - INFO - {'message': 'host:201e7339314f: calculated arqc : f5eb72ed4f51b9de'}
2025-03-27 18:01:42,378 - INFO - {'key_name': 'IMK_k1', 'pan': '5656781234567891', 'psn': '01', 'atc': '0001', 'csu': '0012', 'arqc': 'F5EB72ED4F51B9DE'}
2025-03-27 18:01:42,378 - INFO - testing:Calculate ARPC for EMV repeat:1
2025-03-27 18:01:42,404 - INFO - start:18:01:42.378848 end:18:01:42.404626 diff:0:00:00.025778 port:8080
2025-03-27 18:01:42,405 - INFO - {'message': 'host:19f505c1746c: calculated arpc : a2092ccc0c25006b'}
2025-03-27 18:01:42,405 - INFO - Finished
2025-03-27 19:17:45,997 - INFO - Started
2025-03-27 19:17:46,002 - INFO - {'key_name': 'IMK_k1', 'pan': '5656781234567891', 'psn': '01', 'atc': '0001', 'data': '00000000510000000000000007920000208000094917041900B49762F2390000010105A0400000200000000000000000', 'data_with_80': '00000000510000000000000007920000208000094917041900B49762F2390000010105A040000020000000000000000080'}
2025-03-27 19:17:46,003 - INFO - testing:Calculate ARQC for EMV repeat:1
2025-03-27 19:17:46,044 - INFO - start:19:17:46.003150 end:19:17:46.044484 diff:0:00:00.041334 port:8080
2025-03-27 19:17:46,045 - INFO - {'message': 'host:06c12c99020d: calculated arqc : f5eb72ed4f51b9de'}
2025-03-27 19:17:46,046 - INFO - {'key_name': 'IMK_k1', 'pan': '5656781234567891', 'psn': '01', 'atc': '0001', 'csu': '0012', 'arqc': 'F5EB72ED4F51B9DE'}
2025-03-27 19:17:46,047 - INFO - testing:Calculate ARPC for EMV repeat:1
2025-03-27 19:17:46,065 - INFO - start:19:17:46.047480 end:19:17:46.065780 diff:0:00:00.018300 port:8080
2025-03-27 19:17:46,066 - INFO - {'message': 'host:83c0c3183490: calculated arpc : a2092ccc0c25006b'}
2025-03-27 19:17:46,067 - INFO - Finished
2025-03-28 20:22:57,983 - INFO - Started
2025-03-28 20:22:57,987 - INFO - {'key_name': 'IMK_k1', 'pan': '5656781234567891', 'psn': '01', 'atc': '0001', 'data': '00000000510000000000000007920000208000094917041900B49762F2390000010105A0400000200000000000000000', 'data_with_80': '00000000510000000000000007920000208000094917041900B49762F2390000010105A040000020000000000000000080'}
2025-03-28 20:22:57,987 - INFO - testing:Calculate ARQC for EMV repeat:1
2025-03-28 20:22:58,007 - INFO - start:20:22:57.987867 end:20:22:58.007656 diff:0:00:00.019789 port:8080
2025-03-28 20:22:58,008 - INFO - {'message': 'host:LAPTOP-P5P268SM: calculated arqc : f5eb72ed4f51b9de'}
2025-03-28 20:22:58,010 - INFO - {'key_name': 'IMK_k1', 'pan': '5656781234567891', 'psn': '01', 'atc': '0001', 'csu': '0012', 'arqc': 'F5EB72ED4F51B9DE'}
2025-03-28 20:22:58,010 - INFO - testing:Calculate ARPC for EMV repeat:1
2025-03-28 20:22:58,026 - INFO - start:20:22:58.011238 end:20:22:58.026555 diff:0:00:00.015317 port:8080
2025-03-28 20:22:58,027 - INFO - {'message': 'host:LAPTOP-P5P268SM: calculated arpc : a2092ccc0c25006b'}
2025-03-28 20:22:58,028 - INFO - {'key_name': 'IMK_k1', 'pan': '5656781234567891', 'psn': '01', 'atc': '0001', 'csu': '0012', 'arqc': 'F5EB72ED4F51B9DE'}
2025-03-28 20:22:58,029 - INFO - testing:Calculate ARPC for EMV repeat:1
2025-03-28 20:22:58,038 - INFO - start:20:22:58.029410 end:20:22:58.038879 diff:0:00:00.009469 port:8080
2025-03-28 20:22:58,039 - INFO - {'message': "{'DES_k1': <pn_utilities.crypto.PnCrypto.PnCryptKey object at 0x7fd057d8e4b0>, 'AES_k2': <pn_utilities.crypto.PnCrypto.PnCryptKey object at 0x7fd057d8e5a0>, 'IMK_k1': <pn_utilities.crypto.PnCrypto.PnCryptKey object at 0x7fd057c3c5c0>, 'AES_GCM': <pn_utilities.crypto.PnCrypto.PnCryptKey object at 0x7fd057c3c620>, 'ECC_Bob_Private': <pn_utilities.crypto.PnCrypto.PnCryptKey object at 0x7fd057c3c650>, 'ECC_Bob_Public': <pn_utilities.crypto.PnCrypto.PnCryptKey object at 0x7fd057c3c5f0>, 'ECC_ALice_Private': <pn_utilities.crypto.PnCrypto.PnCryptKey object at 0x7fd057c3c6b0>, 'ECC_Alice_Public': <pn_utilities.crypto.PnCrypto.PnCryptKey object at 0x7fd057c3c6e0>, 'RSA_Alice_Public': <pn_utilities.crypto.PnCrypto.PnCryptKey object at 0x7fd057c3c710>, 'RSA_Alice_Private': <pn_utilities.crypto.PnCrypto.PnCryptKey object at 0x7fd057c3c740>, 'RSA_Bob_Public': <pn_utilities.crypto.PnCrypto.PnCryptKey object at 0x7fd057c3c770>, 'RSA_Bob_Private': <pn_utilities.crypto.PnCrypto.PnCryptKey object at 0x7fd057c3c7a0>, 'k3': <pn_utilities.crypto.PnCrypto.PnCryptKey object at 0x7fd057c3c7d0>}"}
2025-03-28 20:22:58,040 - INFO - Finished
2025-03-29 06:40:42,629 - INFO - Started
2025-03-29 06:40:42,633 - INFO - {'key_name': 'IMK_k1', 'pan': '5656781234567891', 'psn': '01', 'atc': '0001', 'data': '00000000510000000000000007920000208000094917041900B49762F2390000010105A0400000200000000000000000', 'data_with_80': '00000000510000000000000007920000208000094917041900B49762F2390000010105A040000020000000000000000080'}
2025-03-29 06:40:42,633 - INFO - testing:Calculate ARQC for EMV repeat:1
2025-03-29 06:40:42,660 - INFO - start:06:40:42.633816 end:06:40:42.660212 diff:0:00:00.026396 port:8080
2025-03-29 06:40:42,661 - INFO - {'message': 'host:LAPTOP-P5P268SM: calculated arqc : f5eb72ed4f51b9de'}
2025-03-29 06:40:42,663 - INFO - {'key_name': 'IMK_k1', 'pan': '5656781234567891', 'psn': '01', 'atc': '0001', 'csu': '0012', 'arqc': 'F5EB72ED4F51B9DE'}
2025-03-29 06:40:42,664 - INFO - testing:Calculate ARPC for EMV repeat:1
2025-03-29 06:40:42,675 - INFO - start:06:40:42.665413 end:06:40:42.675711 diff:0:00:00.010298 port:8080
2025-03-29 06:40:42,676 - INFO - {'message': 'host:LAPTOP-P5P268SM: calculated arpc : a2092ccc0c25006b'}
2025-03-29 06:40:42,677 - INFO - {'key_name': 'IMK_k1', 'pan': '5656781234567891', 'psn': '01', 'atc': '0001', 'csu': '0012', 'arqc': 'F5EB72ED4F51B9DE'}
2025-03-29 06:40:42,678 - INFO - testing:Calculate ARPC for EMV repeat:1
2025-03-29 06:40:42,771 - INFO - start:06:40:42.679045 end:06:40:42.771240 diff:0:00:00.092195 port:8080
2025-03-29 06:46:07,120 - INFO - Started
2025-03-29 06:46:07,121 - INFO - {'key_name': 'IMK_k1', 'pan': '5656781234567891', 'psn': '01', 'atc': '0001', 'data': '00000000510000000000000007920000208000094917041900B49762F2390000010105A0400000200000000000000000', 'data_with_80': '00000000510000000000000007920000208000094917041900B49762F2390000010105A040000020000000000000000080'}
2025-03-29 06:46:07,121 - INFO - testing:Calculate ARQC for EMV repeat:1
2025-03-29 06:46:07,135 - INFO - start:06:46:07.121648 end:06:46:07.135773 diff:0:00:00.014125 port:8080
2025-03-29 06:46:07,136 - INFO - {'message': 'host:LAPTOP-P5P268SM: calculated arqc : f5eb72ed4f51b9de'}
2025-03-29 06:46:07,137 - INFO - {'key_name': 'IMK_k1', 'pan': '5656781234567891', 'psn': '01', 'atc': '0001', 'csu': '0012', 'arqc': 'F5EB72ED4F51B9DE'}
2025-03-29 06:46:07,137 - INFO - testing:Calculate ARPC for EMV repeat:1
2025-03-29 06:46:07,148 - INFO - start:06:46:07.138185 end:06:46:07.147904 diff:0:00:00.009719 port:8080
2025-03-29 06:46:07,148 - INFO - {'message': 'host:LAPTOP-P5P268SM: calculated arpc : a2092ccc0c25006b'}
2025-03-29 06:46:07,154 - INFO - {}
2025-03-29 06:46:07,154 - INFO - testing:Get Keys repeat:1
2025-03-29 06:46:07,164 - INFO - start:06:46:07.154684 end:06:46:07.164242 diff:0:00:00.009558 port:8080
2025-03-29 06:46:07,164 - INFO - ["{'DES_k1': <pn_utilities.crypto.PnCrypto.PnCryptKey object at 0x7f11d9f1e750>, 'AES_k2': <pn_utilities.crypto.PnCrypto.PnCryptKey object at 0x7f11d9dcc680>, 'IMK_k1': <pn_utilities.crypto.PnCrypto.PnCryptKey object at 0x7f11d9dcc6e0>, 'AES_GCM': <pn_utilities.crypto.PnCrypto.PnCryptKey object at 0x7f11d9dcc710>, 'ECC_Bob_Private': <pn_utilities.crypto.PnCrypto.PnCryptKey object at 0x7f11d9dcc6b0>, 'ECC_Bob_Public': <pn_utilities.crypto.PnCrypto.PnCryptKey object at 0x7f11d9dcc770>, 'ECC_ALice_Private': <pn_utilities.crypto.PnCrypto.PnCryptKey object at 0x7f11d9dcc7a0>, 'ECC_Alice_Public': <pn_utilities.crypto.PnCrypto.PnCryptKey object at 0x7f11d9dcc7d0>, 'RSA_Alice_Public': <pn_utilities.crypto.PnCrypto.PnCryptKey object at 0x7f11d9dcc800>, 'RSA_Alice_Private': <pn_utilities.crypto.PnCrypto.PnCryptKey object at 0x7f11d9dcc830>, 'RSA_Bob_Public': <pn_utilities.crypto.PnCrypto.PnCryptKey object at 0x7f11d9dcc860>, 'RSA_Bob_Private': <pn_utilities.crypto.PnCrypto.PnCryptKey object at 0x7f11d9dcc890>, 'k3': <pn_utilities.crypto.PnCrypto.PnCryptKey object at 0x7f11d9dcc8c0>}"]
2025-03-29 06:46:07,166 - INFO - Finished
2025-03-29 08:59:34,170 - INFO - Started
2025-03-29 08:59:34,172 - INFO - {'key_name': 'IMK_k1', 'pan': '5656781234567891', 'psn': '01', 'atc': '0001', 'data': '00000000510000000000000007920000208000094917041900B49762F2390000010105A0400000200000000000000000', 'data_with_80': '00000000510000000000000007920000208000094917041900B49762F2390000010105A040000020000000000000000080'}
2025-03-29 08:59:34,172 - INFO - testing:Calculate ARQC for EMV repeat:1
2025-03-29 08:59:34,182 - INFO - start:08:59:34.172563 end:08:59:34.182610 diff:0:00:00.010047 port:8080
2025-03-29 08:59:34,182 - INFO - {'message': 'host:LAPTOP-P5P268SM: calculated arqc : f5eb72ed4f51b9de'}
2025-03-29 08:59:34,183 - INFO - {'key_name': 'IMK_k1', 'pan': '5656781234567891', 'psn': '01', 'atc': '0001', 'csu': '0012', 'arqc': 'F5EB72ED4F51B9DE'}
2025-03-29 08:59:34,183 - INFO - testing:Calculate ARPC for EMV repeat:1
2025-03-29 08:59:34,189 - INFO - start:08:59:34.183734 end:08:59:34.189178 diff:0:00:00.005444 port:8080
2025-03-29 08:59:34,189 - INFO - {'message': 'host:LAPTOP-P5P268SM: calculated arpc : a2092ccc0c25006b'}
2025-03-29 08:59:34,190 - INFO - {}
2025-03-29 08:59:34,190 - INFO - testing:Get Keys repeat:1
2025-03-29 08:59:34,196 - INFO - start:08:59:34.190849 end:08:59:34.196017 diff:0:00:00.005168 port:8080
2025-03-29 08:59:34,196 - INFO - ['{"DES_k1": {"description": "desc for DES_k1", "uri": "/v1/keys/DES_k1"}, "AES_k2": {"description": "desc for AES_k2", "uri": "/v1/keys/AES_k2"}, "IMK_k1": {"description": "desc for IMK_k1", "uri": "/v1/keys/IMK_k1"}, "AES_GCM": {"description": "desc for AES_GCM", "uri": "/v1/keys/AES_GCM"}, "ECC_Bob_Private": {"description": "desc for ECC_Bob_Private", "uri": "/v1/keys/ECC_Bob_Private"}, "ECC_Bob_Public": {"description": "desc for ECC_Bob_Public", "uri": "/v1/keys/ECC_Bob_Public"}, "ECC_ALice_Private": {"description": "desc for ECC_ALice_Private", "uri": "/v1/keys/ECC_ALice_Private"}, "ECC_Alice_Public": {"description": "desc for ECC_Alice_Public", "uri": "/v1/keys/ECC_Alice_Public"}, "RSA_Alice_Public": {"description": "desc for RSA_Alice_Public", "uri": "/v1/keys/RSA_Alice_Public"}, "RSA_Alice_Private": {"description": "desc for RSA_Alice_Private", "uri": "/v1/keys/RSA_Alice_Private"}, "RSA_Bob_Public": {"description": "desc for RSA_Bob_Public", "uri": "/v1/keys/RSA_Bob_Public"}, "RSA_Bob_Private": {"description": "desc for RSA_Bob_Private", "uri": "/v1/keys/RSA_Bob_Private"}, "k3": {"description": "desc for k3", "uri": "/v1/keys/k3"}}']
2025-03-29 08:59:34,196 - INFO - Finished
2025-03-29 09:01:37,179 - INFO - Started
2025-03-29 09:01:37,182 - INFO - {'key_name': 'IMK_k1', 'pan': '5656781234567891', 'psn': '01', 'atc': '0001', 'data': '00000000510000000000000007920000208000094917041900B49762F2390000010105A0400000200000000000000000', 'data_with_80': '00000000510000000000000007920000208000094917041900B49762F2390000010105A040000020000000000000000080'}
2025-03-29 09:01:37,183 - INFO - testing:Calculate ARQC for EMV repeat:1
2025-03-29 09:01:37,283 - INFO - start:09:01:37.183573 end:09:01:37.283220 diff:0:00:00.099647 port:8080
2025-03-29 09:01:37,283 - INFO - {'message': 'host:LAPTOP-P5P268SM: calculated arqc : f5eb72ed4f51b9de'}
2025-03-29 09:01:37,284 - INFO - {'key_name': 'IMK_k1', 'pan': '5656781234567891', 'psn': '01', 'atc': '0001', 'csu': '0012', 'arqc': 'F5EB72ED4F51B9DE'}
2025-03-29 09:01:37,285 - INFO - testing:Calculate ARPC for EMV repeat:1
2025-03-29 09:01:37,299 - INFO - start:09:01:37.285581 end:09:01:37.299643 diff:0:00:00.014062 port:8080
2025-03-29 09:01:37,300 - INFO - {'message': 'host:LAPTOP-P5P268SM: calculated arpc : a2092ccc0c25006b'}
2025-03-29 09:01:37,302 - INFO - {}
2025-03-29 09:01:37,303 - INFO - testing:Get Keys repeat:1
2025-03-29 09:01:37,317 - INFO - start:09:01:37.304206 end:09:01:37.317361 diff:0:00:00.013155 port:8080
2025-03-29 09:01:37,318 - INFO - ['{"DES_k1": {"description": "desc for DES_k1", "uri": "/v1/keys/DES_k1"}, "AES_k2": {"description": "desc for AES_k2", "uri": "/v1/keys/AES_k2"}, "IMK_k1": {"description": "desc for IMK_k1", "uri": "/v1/keys/IMK_k1"}, "AES_GCM": {"description": "desc for AES_GCM", "uri": "/v1/keys/AES_GCM"}, "ECC_Bob_Private": {"description": "desc for ECC_Bob_Private", "uri": "/v1/keys/ECC_Bob_Private"}, "ECC_Bob_Public": {"description": "desc for ECC_Bob_Public", "uri": "/v1/keys/ECC_Bob_Public"}, "ECC_ALice_Private": {"description": "desc for ECC_ALice_Private", "uri": "/v1/keys/ECC_ALice_Private"}, "ECC_Alice_Public": {"description": "desc for ECC_Alice_Public", "uri": "/v1/keys/ECC_Alice_Public"}, "RSA_Alice_Public": {"description": "desc for RSA_Alice_Public", "uri": "/v1/keys/RSA_Alice_Public"}, "RSA_Alice_Private": {"description": "desc for RSA_Alice_Private", "uri": "/v1/keys/RSA_Alice_Private"}, "RSA_Bob_Public": {"description": "desc for RSA_Bob_Public", "uri": "/v1/keys/RSA_Bob_Public"}, "RSA_Bob_Private": {"description": "desc for RSA_Bob_Private", "uri": "/v1/keys/RSA_Bob_Private"}, "k3": {"description": "desc for k3", "uri": "/v1/keys/k3"}}']
2025-03-29 09:01:37,319 - INFO - {}
2025-03-29 09:01:37,320 - INFO - testing:Get Keys repeat:1
2025-03-29 09:01:37,336 - INFO - start:09:01:37.320531 end:09:01:37.336082 diff:0:00:00.015551 port:8080
2025-03-29 09:01:37,336 - INFO - {'detail': 'Not Found'}
2025-03-29 09:01:37,337 - INFO - Finished
2025-03-29 09:02:25,479 - INFO - Started
2025-03-29 09:02:25,480 - INFO - {'key_name': 'IMK_k1', 'pan': '5656781234567891', 'psn': '01', 'atc': '0001', 'data': '00000000510000000000000007920000208000094917041900B49762F2390000010105A0400000200000000000000000', 'data_with_80': '00000000510000000000000007920000208000094917041900B49762F2390000010105A040000020000000000000000080'}
2025-03-29 09:02:25,480 - INFO - testing:Calculate ARQC for EMV repeat:1
2025-03-29 09:02:25,493 - INFO - start:09:02:25.480649 end:09:02:25.493044 diff:0:00:00.012395 port:8080
2025-03-29 09:02:25,493 - INFO - {'message': 'host:LAPTOP-P5P268SM: calculated arqc : f5eb72ed4f51b9de'}
2025-03-29 09:02:25,495 - INFO - {'key_name': 'IMK_k1', 'pan': '5656781234567891', 'psn': '01', 'atc': '0001', 'csu': '0012', 'arqc': 'F5EB72ED4F51B9DE'}
2025-03-29 09:02:25,495 - INFO - testing:Calculate ARPC for EMV repeat:1
2025-03-29 09:02:25,505 - INFO - start:09:02:25.496247 end:09:02:25.505313 diff:0:00:00.009066 port:8080
2025-03-29 09:02:25,505 - INFO - {'message': 'host:LAPTOP-P5P268SM: calculated arpc : a2092ccc0c25006b'}
2025-03-29 09:02:25,506 - INFO - {}
2025-03-29 09:02:25,506 - INFO - testing:Get Keys repeat:1
2025-03-29 09:02:25,512 - INFO - start:09:02:25.507073 end:09:02:25.512642 diff:0:00:00.005569 port:8080
2025-03-29 09:02:25,513 - INFO - ['{"DES_k1": {"description": "desc for DES_k1", "uri": "/v1/keys/DES_k1"}, "AES_k2": {"description": "desc for AES_k2", "uri": "/v1/keys/AES_k2"}, "IMK_k1": {"description": "desc for IMK_k1", "uri": "/v1/keys/IMK_k1"}, "AES_GCM": {"description": "desc for AES_GCM", "uri": "/v1/keys/AES_GCM"}, "ECC_Bob_Private": {"description": "desc for ECC_Bob_Private", "uri": "/v1/keys/ECC_Bob_Private"}, "ECC_Bob_Public": {"description": "desc for ECC_Bob_Public", "uri": "/v1/keys/ECC_Bob_Public"}, "ECC_ALice_Private": {"description": "desc for ECC_ALice_Private", "uri": "/v1/keys/ECC_ALice_Private"}, "ECC_Alice_Public": {"description": "desc for ECC_Alice_Public", "uri": "/v1/keys/ECC_Alice_Public"}, "RSA_Alice_Public": {"description": "desc for RSA_Alice_Public", "uri": "/v1/keys/RSA_Alice_Public"}, "RSA_Alice_Private": {"description": "desc for RSA_Alice_Private", "uri": "/v1/keys/RSA_Alice_Private"}, "RSA_Bob_Public": {"description": "desc for RSA_Bob_Public", "uri": "/v1/keys/RSA_Bob_Public"}, "RSA_Bob_Private": {"description": "desc for RSA_Bob_Private", "uri": "/v1/keys/RSA_Bob_Private"}, "k3": {"description": "desc for k3", "uri": "/v1/keys/k3"}}']
2025-03-29 09:02:25,515 - INFO - {}
2025-03-29 09:02:25,515 - INFO - testing:Get Keys repeat:1
2025-03-29 09:02:25,521 - INFO - start:09:02:25.515987 end:09:02:25.521361 diff:0:00:00.005374 port:8080
2025-03-29 09:02:25,521 - INFO - {'detail': 'Not Found'}
2025-03-29 09:02:25,522 - INFO - Finished
2025-03-29 09:03:14,471 - INFO - Started
2025-03-29 09:03:14,471 - INFO - {'key_name': 'IMK_k1', 'pan': '5656781234567891', 'psn': '01', 'atc': '0001', 'data': '00000000510000000000000007920000208000094917041900B49762F2390000010105A0400000200000000000000000', 'data_with_80': '00000000510000000000000007920000208000094917041900B49762F2390000010105A040000020000000000000000080'}
2025-03-29 09:03:14,472 - INFO - testing:Calculate ARQC for EMV repeat:1
2025-03-29 09:03:14,481 - INFO - start:09:03:14.472329 end:09:03:14.481354 diff:0:00:00.009025 port:8080
2025-03-29 09:03:14,481 - INFO - {'message': 'host:LAPTOP-P5P268SM: calculated arqc : f5eb72ed4f51b9de'}
2025-03-29 09:03:14,482 - INFO - {'key_name': 'IMK_k1', 'pan': '5656781234567891', 'psn': '01', 'atc': '0001', 'csu': '0012', 'arqc': 'F5EB72ED4F51B9DE'}
2025-03-29 09:03:14,482 - INFO - testing:Calculate ARPC for EMV repeat:1
2025-03-29 09:03:14,490 - INFO - start:09:03:14.482820 end:09:03:14.490527 diff:0:00:00.007707 port:8080
2025-03-29 09:03:14,491 - INFO - {'message': 'host:LAPTOP-P5P268SM: calculated arpc : a2092ccc0c25006b'}
2025-03-29 09:03:14,492 - INFO - {}
2025-03-29 09:03:14,492 - INFO - testing:Get Keys repeat:1
2025-03-29 09:03:14,498 - INFO - start:09:03:14.493219 end:09:03:14.498124 diff:0:00:00.004905 port:8080
2025-03-29 09:03:14,498 - INFO - ['{"DES_k1": {"description": "desc for DES_k1", "uri": "/v1/keys/DES_k1"}, "AES_k2": {"description": "desc for AES_k2", "uri": "/v1/keys/AES_k2"}, "IMK_k1": {"description": "desc for IMK_k1", "uri": "/v1/keys/IMK_k1"}, "AES_GCM": {"description": "desc for AES_GCM", "uri": "/v1/keys/AES_GCM"}, "ECC_Bob_Private": {"description": "desc for ECC_Bob_Private", "uri": "/v1/keys/ECC_Bob_Private"}, "ECC_Bob_Public": {"description": "desc for ECC_Bob_Public", "uri": "/v1/keys/ECC_Bob_Public"}, "ECC_ALice_Private": {"description": "desc for ECC_ALice_Private", "uri": "/v1/keys/ECC_ALice_Private"}, "ECC_Alice_Public": {"description": "desc for ECC_Alice_Public", "uri": "/v1/keys/ECC_Alice_Public"}, "RSA_Alice_Public": {"description": "desc for RSA_Alice_Public", "uri": "/v1/keys/RSA_Alice_Public"}, "RSA_Alice_Private": {"description": "desc for RSA_Alice_Private", "uri": "/v1/keys/RSA_Alice_Private"}, "RSA_Bob_Public": {"description": "desc for RSA_Bob_Public", "uri": "/v1/keys/RSA_Bob_Public"}, "RSA_Bob_Private": {"description": "desc for RSA_Bob_Private", "uri": "/v1/keys/RSA_Bob_Private"}, "k3": {"description": "desc for k3", "uri": "/v1/keys/k3"}}']
2025-03-29 09:03:14,499 - INFO - {}
2025-03-29 09:03:14,500 - INFO - testing:Get Keys repeat:1
2025-03-29 09:03:14,507 - INFO - start:09:03:14.500474 end:09:03:14.507344 diff:0:00:00.006870 port:8080
2025-03-29 09:03:14,507 - INFO - {'detail': 'Not Found'}
2025-03-29 09:03:14,508 - INFO - Finished
2025-03-29 09:06:36,263 - INFO - Started
2025-03-29 09:06:36,264 - INFO - {'key_name': 'IMK_k1', 'pan': '5656781234567891', 'psn': '01', 'atc': '0001', 'data': '00000000510000000000000007920000208000094917041900B49762F2390000010105A0400000200000000000000000', 'data_with_80': '00000000510000000000000007920000208000094917041900B49762F2390000010105A040000020000000000000000080'}
2025-03-29 09:06:36,264 - INFO - testing:Calculate ARQC for EMV repeat:1
2025-03-29 09:06:36,272 - INFO - start:09:06:36.264405 end:09:06:36.272503 diff:0:00:00.008098 port:8080
2025-03-29 09:06:36,272 - INFO - {'message': 'host:LAPTOP-P5P268SM: calculated arqc : f5eb72ed4f51b9de'}
2025-03-29 09:06:36,273 - INFO - {'key_name': 'IMK_k1', 'pan': '5656781234567891', 'psn': '01', 'atc': '0001', 'csu': '0012', 'arqc': 'F5EB72ED4F51B9DE'}
2025-03-29 09:06:36,273 - INFO - testing:Calculate ARPC for EMV repeat:1
2025-03-29 09:06:36,279 - INFO - start:09:06:36.274079 end:09:06:36.279350 diff:0:00:00.005271 port:8080
2025-03-29 09:06:36,279 - INFO - {'message': 'host:LAPTOP-P5P268SM: calculated arpc : a2092ccc0c25006b'}
2025-03-29 09:06:36,280 - INFO - {}
2025-03-29 09:06:36,280 - INFO - testing:Get Keys repeat:1
2025-03-29 09:06:36,285 - INFO - start:09:06:36.281233 end:09:06:36.285331 diff:0:00:00.004098 port:8080
2025-03-29 09:06:36,285 - INFO - ['{"DES_k1": {"description": "desc for DES_k1", "uri": "/v1/keys/DES_k1"}, "AES_k2": {"description": "desc for AES_k2", "uri": "/v1/keys/AES_k2"}, "IMK_k1": {"description": "desc for IMK_k1", "uri": "/v1/keys/IMK_k1"}, "AES_GCM": {"description": "desc for AES_GCM", "uri": "/v1/keys/AES_GCM"}, "ECC_Bob_Private": {"description": "desc for ECC_Bob_Private", "uri": "/v1/keys/ECC_Bob_Private"}, "ECC_Bob_Public": {"description": "desc for ECC_Bob_Public", "uri": "/v1/keys/ECC_Bob_Public"}, "ECC_ALice_Private": {"description": "desc for ECC_ALice_Private", "uri": "/v1/keys/ECC_ALice_Private"}, "ECC_Alice_Public": {"description": "desc for ECC_Alice_Public", "uri": "/v1/keys/ECC_Alice_Public"}, "RSA_Alice_Public": {"description": "desc for RSA_Alice_Public", "uri": "/v1/keys/RSA_Alice_Public"}, "RSA_Alice_Private": {"description": "desc for RSA_Alice_Private", "uri": "/v1/keys/RSA_Alice_Private"}, "RSA_Bob_Public": {"description": "desc for RSA_Bob_Public", "uri": "/v1/keys/RSA_Bob_Public"}, "RSA_Bob_Private": {"description": "desc for RSA_Bob_Private", "uri": "/v1/keys/RSA_Bob_Private"}, "k3": {"description": "desc for k3", "uri": "/v1/keys/k3"}}']
2025-03-29 09:06:36,286 - INFO - {}
2025-03-29 09:06:36,286 - INFO - testing:Get One Key repeat:1
2025-03-29 09:06:36,291 - INFO - start:09:06:36.287113 end:09:06:36.291742 diff:0:00:00.004629 port:8080
2025-03-29 09:06:36,292 - INFO - {'detail': 'Not Found'}
2025-03-29 09:06:36,292 - INFO - Finished
2025-03-29 09:10:10,680 - INFO - Started
2025-03-29 09:10:10,682 - INFO - {'key_name': 'IMK_k1', 'pan': '5656781234567891', 'psn': '01', 'atc': '0001', 'data': '00000000510000000000000007920000208000094917041900B49762F2390000010105A0400000200000000000000000', 'data_with_80': '00000000510000000000000007920000208000094917041900B49762F2390000010105A040000020000000000000000080'}
2025-03-29 09:10:10,682 - INFO - testing:Calculate ARQC for EMV repeat:1
2025-03-29 09:10:10,695 - INFO - start:09:10:10.683036 end:09:10:10.695218 diff:0:00:00.012182 port:8080
2025-03-29 09:10:10,695 - INFO - {'message': 'host:LAPTOP-P5P268SM: calculated arqc : f5eb72ed4f51b9de'}
2025-03-29 09:10:10,696 - INFO - {'key_name': 'IMK_k1', 'pan': '5656781234567891', 'psn': '01', 'atc': '0001', 'csu': '0012', 'arqc': 'F5EB72ED4F51B9DE'}
2025-03-29 09:10:10,696 - INFO - testing:Calculate ARPC for EMV repeat:1
2025-03-29 09:10:10,703 - INFO - start:09:10:10.697004 end:09:10:10.703267 diff:0:00:00.006263 port:8080
2025-03-29 09:10:10,703 - INFO - {'message': 'host:LAPTOP-P5P268SM: calculated arpc : a2092ccc0c25006b'}
2025-03-29 09:10:10,704 - INFO - {}
2025-03-29 09:10:10,705 - INFO - testing:Get Keys repeat:1
2025-03-29 09:10:10,710 - INFO - start:09:10:10.705700 end:09:10:10.710066 diff:0:00:00.004366 port:8080
2025-03-29 09:10:10,710 - INFO - ['{"DES_k1": {"description": "desc for DES_k1", "uri": "/v1/keys/DES_k1"}, "AES_k2": {"description": "desc for AES_k2", "uri": "/v1/keys/AES_k2"}, "IMK_k1": {"description": "desc for IMK_k1", "uri": "/v1/keys/IMK_k1"}, "AES_GCM": {"description": "desc for AES_GCM", "uri": "/v1/keys/AES_GCM"}, "ECC_Bob_Private": {"description": "desc for ECC_Bob_Private", "uri": "/v1/keys/ECC_Bob_Private"}, "ECC_Bob_Public": {"description": "desc for ECC_Bob_Public", "uri": "/v1/keys/ECC_Bob_Public"}, "ECC_ALice_Private": {"description": "desc for ECC_ALice_Private", "uri": "/v1/keys/ECC_ALice_Private"}, "ECC_Alice_Public": {"description": "desc for ECC_Alice_Public", "uri": "/v1/keys/ECC_Alice_Public"}, "RSA_Alice_Public": {"description": "desc for RSA_Alice_Public", "uri": "/v1/keys/RSA_Alice_Public"}, "RSA_Alice_Private": {"description": "desc for RSA_Alice_Private", "uri": "/v1/keys/RSA_Alice_Private"}, "RSA_Bob_Public": {"description": "desc for RSA_Bob_Public", "uri": "/v1/keys/RSA_Bob_Public"}, "RSA_Bob_Private": {"description": "desc for RSA_Bob_Private", "uri": "/v1/keys/RSA_Bob_Private"}, "k3": {"description": "desc for k3", "uri": "/v1/keys/k3"}}']
2025-03-29 09:10:10,711 - INFO - {}
2025-03-29 09:10:10,711 - INFO - testing:Get One Key repeat:1
2025-03-29 09:10:10,716 - INFO - start:09:10:10.712164 end:09:10:10.716464 diff:0:00:00.004300 port:8080
2025-03-29 09:10:10,716 - INFO - {'detail': 'Not Found'}
2025-03-29 09:10:10,717 - INFO - Finished
2025-03-29 10:06:45,789 - INFO - Started
2025-03-29 10:06:45,794 - INFO - {'key_name': 'IMK_k1', 'pan': '5656781234567891', 'psn': '01', 'atc': '0001', 'data': '00000000510000000000000007920000208000094917041900B49762F2390000010105A0400000200000000000000000', 'data_with_80': '00000000510000000000000007920000208000094917041900B49762F2390000010105A040000020000000000000000080'}
2025-03-29 10:06:45,795 - INFO - testing:Calculate ARQC for EMV repeat:1
2025-03-29 10:06:45,813 - INFO - start:10:06:45.795246 end:10:06:45.813068 diff:0:00:00.017822 port:8080
2025-03-29 10:06:45,813 - INFO - {'message': 'host:LAPTOP-P5P268SM: calculated arqc : f5eb72ed4f51b9de'}
2025-03-29 10:06:45,814 - INFO - {'key_name': 'IMK_k1', 'pan': '5656781234567891', 'psn': '01', 'atc': '0001', 'csu': '0012', 'arqc': 'F5EB72ED4F51B9DE'}
2025-03-29 10:06:45,815 - INFO - testing:Calculate ARPC for EMV repeat:1
2025-03-29 10:06:45,821 - INFO - start:10:06:45.815359 end:10:06:45.821065 diff:0:00:00.005706 port:8080
2025-03-29 10:06:45,821 - INFO - {'message': 'host:LAPTOP-P5P268SM: calculated arpc : a2092ccc0c25006b'}
2025-03-29 10:06:45,822 - INFO - {}
2025-03-29 10:06:45,823 - INFO - testing:Get Keys repeat:1
2025-03-29 10:06:45,827 - INFO - start:10:06:45.823393 end:10:06:45.827724 diff:0:00:00.004331 port:8080
2025-03-29 10:06:45,828 - INFO - ['{"DES_k1": {"description": "desc for DES_k1", "uri": "/v1/keys/DES_k1"}, "AES_k2": {"description": "desc for AES_k2", "uri": "/v1/keys/AES_k2"}, "IMK_k1": {"description": "desc for IMK_k1", "uri": "/v1/keys/IMK_k1"}, "AES_GCM": {"description": "desc for AES_GCM", "uri": "/v1/keys/AES_GCM"}, "ECC_Bob_Private": {"description": "desc for ECC_Bob_Private", "uri": "/v1/keys/ECC_Bob_Private"}, "ECC_Bob_Public": {"description": "desc for ECC_Bob_Public", "uri": "/v1/keys/ECC_Bob_Public"}, "ECC_ALice_Private": {"description": "desc for ECC_ALice_Private", "uri": "/v1/keys/ECC_ALice_Private"}, "ECC_Alice_Public": {"description": "desc for ECC_Alice_Public", "uri": "/v1/keys/ECC_Alice_Public"}, "RSA_Alice_Public": {"description": "desc for RSA_Alice_Public", "uri": "/v1/keys/RSA_Alice_Public"}, "RSA_Alice_Private": {"description": "desc for RSA_Alice_Private", "uri": "/v1/keys/RSA_Alice_Private"}, "RSA_Bob_Public": {"description": "desc for RSA_Bob_Public", "uri": "/v1/keys/RSA_Bob_Public"}, "RSA_Bob_Private": {"description": "desc for RSA_Bob_Private", "uri": "/v1/keys/RSA_Bob_Private"}, "k3": {"description": "desc for k3", "uri": "/v1/keys/k3"}}']
2025-03-29 10:06:45,829 - INFO - {}
2025-03-29 10:06:45,829 - INFO - testing:Get One Key repeat:1
2025-03-29 10:06:45,835 - INFO - start:10:06:45.829786 end:10:06:45.835350 diff:0:00:00.005564 port:8080
2025-03-29 10:06:45,835 - INFO - {'detail': 'Not Found'}
2025-03-29 10:06:45,836 - INFO - Finished
2025-03-29 10:07:29,978 - INFO - Started
2025-03-29 10:10:31,664 - INFO - Started
2025-03-29 10:10:31,666 - INFO - {'key_name': 'IMK_k1', 'pan': '5656781234567891', 'psn': '01', 'atc': '0001', 'data': '00000000510000000000000007920000208000094917041900B49762F2390000010105A0400000200000000000000000', 'data_with_80': '00000000510000000000000007920000208000094917041900B49762F2390000010105A040000020000000000000000080'}
2025-03-29 10:10:31,666 - INFO - testing:Calculate ARQC for EMV repeat:1
2025-03-29 10:10:31,675 - INFO - start:10:10:31.666452 end:10:10:31.675721 diff:0:00:00.009269 port:8080
2025-03-29 10:10:31,676 - INFO - {'message': 'host:LAPTOP-P5P268SM: calculated arqc : f5eb72ed4f51b9de'}
2025-03-29 10:10:31,676 - INFO - {'key_name': 'IMK_k1', 'pan': '5656781234567891', 'psn': '01', 'atc': '0001', 'csu': '0012', 'arqc': 'F5EB72ED4F51B9DE'}
2025-03-29 10:10:31,676 - INFO - testing:Calculate ARPC for EMV repeat:1
2025-03-29 10:10:31,683 - INFO - start:10:10:31.677110 end:10:10:31.683403 diff:0:00:00.006293 port:8080
2025-03-29 10:10:31,683 - INFO - {'message': 'host:LAPTOP-P5P268SM: calculated arpc : a2092ccc0c25006b'}
2025-03-29 10:10:31,684 - INFO - {}
2025-03-29 10:10:31,685 - INFO - testing:Get Keys repeat:1
2025-03-29 10:10:31,689 - INFO - start:10:10:31.685459 end:10:10:31.689770 diff:0:00:00.004311 port:8080
2025-03-29 10:10:31,690 - INFO - ['{"DES_k1": {"description": "desc for DES_k1", "uri": "/v1/keys/DES_k1"}, "AES_k2": {"description": "desc for AES_k2", "uri": "/v1/keys/AES_k2"}, "IMK_k1": {"description": "desc for IMK_k1", "uri": "/v1/keys/IMK_k1"}, "AES_GCM": {"description": "desc for AES_GCM", "uri": "/v1/keys/AES_GCM"}, "ECC_Bob_Private": {"description": "desc for ECC_Bob_Private", "uri": "/v1/keys/ECC_Bob_Private"}, "ECC_Bob_Public": {"description": "desc for ECC_Bob_Public", "uri": "/v1/keys/ECC_Bob_Public"}, "ECC_ALice_Private": {"description": "desc for ECC_ALice_Private", "uri": "/v1/keys/ECC_ALice_Private"}, "ECC_Alice_Public": {"description": "desc for ECC_Alice_Public", "uri": "/v1/keys/ECC_Alice_Public"}, "RSA_Alice_Public": {"description": "desc for RSA_Alice_Public", "uri": "/v1/keys/RSA_Alice_Public"}, "RSA_Alice_Private": {"description": "desc for RSA_Alice_Private", "uri": "/v1/keys/RSA_Alice_Private"}, "RSA_Bob_Public": {"description": "desc for RSA_Bob_Public", "uri": "/v1/keys/RSA_Bob_Public"}, "RSA_Bob_Private": {"description": "desc for RSA_Bob_Private", "uri": "/v1/keys/RSA_Bob_Private"}, "k3": {"description": "desc for k3", "uri": "/v1/keys/k3"}}']
2025-03-29 10:10:31,691 - INFO - {}
2025-03-29 10:10:31,691 - INFO - testing:Get One Key repeat:1
2025-03-29 10:10:31,696 - INFO - start:10:10:31.691754 end:10:10:31.696289 diff:0:00:00.004535 port:8080
2025-03-29 10:10:31,696 - INFO - ['{"DES_k1": {"description": "desc for DES_k1", "uri": "/v1/keys/DES_k1"}, "AES_k2": {"description": "desc for AES_k2", "uri": "/v1/keys/AES_k2"}, "IMK_k1": {"description": "desc for IMK_k1", "uri": "/v1/keys/IMK_k1"}, "AES_GCM": {"description": "desc for AES_GCM", "uri": "/v1/keys/AES_GCM"}, "ECC_Bob_Private": {"description": "desc for ECC_Bob_Private", "uri": "/v1/keys/ECC_Bob_Private"}, "ECC_Bob_Public": {"description": "desc for ECC_Bob_Public", "uri": "/v1/keys/ECC_Bob_Public"}, "ECC_ALice_Private": {"description": "desc for ECC_ALice_Private", "uri": "/v1/keys/ECC_ALice_Private"}, "ECC_Alice_Public": {"description": "desc for ECC_Alice_Public", "uri": "/v1/keys/ECC_Alice_Public"}, "RSA_Alice_Public": {"description": "desc for RSA_Alice_Public", "uri": "/v1/keys/RSA_Alice_Public"}, "RSA_Alice_Private": {"description": "desc for RSA_Alice_Private", "uri": "/v1/keys/RSA_Alice_Private"}, "RSA_Bob_Public": {"description": "desc for RSA_Bob_Public", "uri": "/v1/keys/RSA_Bob_Public"}, "RSA_Bob_Private": {"description": "desc for RSA_Bob_Private", "uri": "/v1/keys/RSA_Bob_Private"}, "k3": {"description": "desc for k3", "uri": "/v1/keys/k3"}}']
2025-03-29 10:10:31,697 - INFO - Finished
2025-03-29 10:12:03,966 - INFO - Started
2025-03-29 10:12:03,966 - INFO - {'key_name': 'IMK_k1', 'pan': '5656781234567891', 'psn': '01', 'atc': '0001', 'data': '00000000510000000000000007920000208000094917041900B49762F2390000010105A0400000200000000000000000', 'data_with_80': '00000000510000000000000007920000208000094917041900B49762F2390000010105A040000020000000000000000080'}
2025-03-29 10:12:03,966 - INFO - testing:Calculate ARQC for EMV repeat:1
2025-03-29 10:12:03,974 - INFO - start:10:12:03.967173 end:10:12:03.974300 diff:0:00:00.007127 port:8080
2025-03-29 10:12:03,974 - INFO - {'message': 'host:LAPTOP-P5P268SM: calculated arqc : f5eb72ed4f51b9de'}
2025-03-29 10:12:03,975 - INFO - {'key_name': 'IMK_k1', 'pan': '5656781234567891', 'psn': '01', 'atc': '0001', 'csu': '0012', 'arqc': 'F5EB72ED4F51B9DE'}
2025-03-29 10:12:03,975 - INFO - testing:Calculate ARPC for EMV repeat:1
2025-03-29 10:12:03,982 - INFO - start:10:12:03.975848 end:10:12:03.982014 diff:0:00:00.006166 port:8080
2025-03-29 10:12:03,982 - INFO - {'message': 'host:LAPTOP-P5P268SM: calculated arpc : a2092ccc0c25006b'}
2025-03-29 10:12:03,983 - INFO - {}
2025-03-29 10:12:03,983 - INFO - testing:Get Keys repeat:1
2025-03-29 10:12:03,988 - INFO - start:10:12:03.983963 end:10:12:03.988237 diff:0:00:00.004274 port:8080
2025-03-29 10:12:03,988 - INFO - ['{"DES_k1": {"description": "desc for DES_k1", "uri": "/v1/keys/DES_k1"}, "AES_k2": {"description": "desc for AES_k2", "uri": "/v1/keys/AES_k2"}, "IMK_k1": {"description": "desc for IMK_k1", "uri": "/v1/keys/IMK_k1"}, "AES_GCM": {"description": "desc for AES_GCM", "uri": "/v1/keys/AES_GCM"}, "ECC_Bob_Private": {"description": "desc for ECC_Bob_Private", "uri": "/v1/keys/ECC_Bob_Private"}, "ECC_Bob_Public": {"description": "desc for ECC_Bob_Public", "uri": "/v1/keys/ECC_Bob_Public"}, "ECC_ALice_Private": {"description": "desc for ECC_ALice_Private", "uri": "/v1/keys/ECC_ALice_Private"}, "ECC_Alice_Public": {"description": "desc for ECC_Alice_Public", "uri": "/v1/keys/ECC_Alice_Public"}, "RSA_Alice_Public": {"description": "desc for RSA_Alice_Public", "uri": "/v1/keys/RSA_Alice_Public"}, "RSA_Alice_Private": {"description": "desc for RSA_Alice_Private", "uri": "/v1/keys/RSA_Alice_Private"}, "RSA_Bob_Public": {"description": "desc for RSA_Bob_Public", "uri": "/v1/keys/RSA_Bob_Public"}, "RSA_Bob_Private": {"description": "desc for RSA_Bob_Private", "uri": "/v1/keys/RSA_Bob_Private"}, "k3": {"description": "desc for k3", "uri": "/v1/keys/k3"}}']
2025-03-29 10:12:03,989 - INFO - {}
2025-03-29 10:12:03,990 - INFO - testing:Get One Key repeat:1
2025-03-29 10:12:03,993 - INFO - start:10:12:03.990264 end:10:12:03.993498 diff:0:00:00.003234 port:8080
2025-03-29 10:12:03,994 - INFO - {'detail': 'Not Found'}
2025-03-29 10:12:03,994 - INFO - Finished
2025-03-29 10:12:52,531 - INFO - Started
2025-03-29 10:12:52,531 - INFO - {'key_name': 'IMK_k1', 'pan': '5656781234567891', 'psn': '01', 'atc': '0001', 'data': '00000000510000000000000007920000208000094917041900B49762F2390000010105A0400000200000000000000000', 'data_with_80': '00000000510000000000000007920000208000094917041900B49762F2390000010105A040000020000000000000000080'}
2025-03-29 10:12:52,531 - INFO - testing:Calculate ARQC for EMV repeat:1
2025-03-29 10:12:52,540 - INFO - start:10:12:52.531730 end:10:12:52.540177 diff:0:00:00.008447 port:8080
2025-03-29 10:12:52,540 - INFO - {'message': 'host:LAPTOP-P5P268SM: calculated arqc : f5eb72ed4f51b9de'}
2025-03-29 10:12:52,541 - INFO - {'key_name': 'IMK_k1', 'pan': '5656781234567891', 'psn': '01', 'atc': '0001', 'csu': '0012', 'arqc': 'F5EB72ED4F51B9DE'}
2025-03-29 10:12:52,541 - INFO - testing:Calculate ARPC for EMV repeat:1
2025-03-29 10:12:52,547 - INFO - start:10:12:52.541988 end:10:12:52.547798 diff:0:00:00.005810 port:8080
2025-03-29 10:12:52,548 - INFO - {'message': 'host:LAPTOP-P5P268SM: calculated arpc : a2092ccc0c25006b'}
2025-03-29 10:12:52,549 - INFO - {}
2025-03-29 10:12:52,549 - INFO - testing:Get Keys repeat:1
2025-03-29 10:12:52,554 - INFO - start:10:12:52.549586 end:10:12:52.554282 diff:0:00:00.004696 port:8080
2025-03-29 10:12:52,554 - INFO - ['{"DES_k1": {"description": "desc for DES_k1", "uri": "/v1/keys/DES_k1"}, "AES_k2": {"description": "desc for AES_k2", "uri": "/v1/keys/AES_k2"}, "IMK_k1": {"description": "desc for IMK_k1", "uri": "/v1/keys/IMK_k1"}, "AES_GCM": {"description": "desc for AES_GCM", "uri": "/v1/keys/AES_GCM"}, "ECC_Bob_Private": {"description": "desc for ECC_Bob_Private", "uri": "/v1/keys/ECC_Bob_Private"}, "ECC_Bob_Public": {"description": "desc for ECC_Bob_Public", "uri": "/v1/keys/ECC_Bob_Public"}, "ECC_ALice_Private": {"description": "desc for ECC_ALice_Private", "uri": "/v1/keys/ECC_ALice_Private"}, "ECC_Alice_Public": {"description": "desc for ECC_Alice_Public", "uri": "/v1/keys/ECC_Alice_Public"}, "RSA_Alice_Public": {"description": "desc for RSA_Alice_Public", "uri": "/v1/keys/RSA_Alice_Public"}, "RSA_Alice_Private": {"description": "desc for RSA_Alice_Private", "uri": "/v1/keys/RSA_Alice_Private"}, "RSA_Bob_Public": {"description": "desc for RSA_Bob_Public", "uri": "/v1/keys/RSA_Bob_Public"}, "RSA_Bob_Private": {"description": "desc for RSA_Bob_Private", "uri": "/v1/keys/RSA_Bob_Private"}, "k3": {"description": "desc for k3", "uri": "/v1/keys/k3"}}']
2025-03-29 10:12:52,557 - INFO - {}
2025-03-29 10:12:52,558 - INFO - testing:Get One Key repeat:1
2025-03-29 10:12:52,562 - INFO - start:10:12:52.558507 end:10:12:52.562436 diff:0:00:00.003929 port:8080
2025-03-29 10:12:52,562 - INFO - {'detail': 'Not Found'}
2025-03-29 10:12:52,563 - INFO - Finished
2025-03-29 10:29:10,596 - INFO - Started
2025-03-29 10:29:10,596 - INFO - {'key_name': 'IMK_k1', 'pan': '5656781234567891', 'psn': '01', 'atc': '0001', 'data': '00000000510000000000000007920000208000094917041900B49762F2390000010105A0400000200000000000000000', 'data_with_80': '00000000510000000000000007920000208000094917041900B49762F2390000010105A040000020000000000000000080'}
2025-03-29 10:29:10,597 - INFO - testing:Calculate ARQC for EMV repeat:1
2025-03-29 10:29:10,609 - INFO - start:10:29:10.597447 end:10:29:10.609607 diff:0:00:00.012160 port:8080
2025-03-29 10:29:10,610 - INFO - {'message': 'host:LAPTOP-P5P268SM: calculated arqc : f5eb72ed4f51b9de'}
2025-03-29 10:29:10,611 - INFO - {'key_name': 'IMK_k1', 'pan': '5656781234567891', 'psn': '01', 'atc': '0001', 'csu': '0012', 'arqc': 'F5EB72ED4F51B9DE'}
2025-03-29 10:29:10,611 - INFO - testing:Calculate ARPC for EMV repeat:1
2025-03-29 10:29:10,622 - INFO - start:10:29:10.612010 end:10:29:10.622071 diff:0:00:00.010061 port:8080
2025-03-29 10:29:10,622 - INFO - {'message': 'host:LAPTOP-P5P268SM: calculated arpc : a2092ccc0c25006b'}
2025-03-29 10:29:10,623 - INFO - {}
2025-03-29 10:29:10,623 - INFO - testing:Get Keys repeat:1
2025-03-29 10:29:10,634 - INFO - start:10:29:10.624252 end:10:29:10.634492 diff:0:00:00.010240 port:8080
2025-03-29 10:29:10,635 - INFO - ['{"DES_k1": {"description": "desc for DES_k1", "uri": "/v1/keys/DES_k1"}, "AES_k2": {"description": "desc for AES_k2", "uri": "/v1/keys/AES_k2"}, "IMK_k1": {"description": "desc for IMK_k1", "uri": "/v1/keys/IMK_k1"}, "AES_GCM": {"description": "desc for AES_GCM", "uri": "/v1/keys/AES_GCM"}, "ECC_Bob_Private": {"description": "desc for ECC_Bob_Private", "uri": "/v1/keys/ECC_Bob_Private"}, "ECC_Bob_Public": {"description": "desc for ECC_Bob_Public", "uri": "/v1/keys/ECC_Bob_Public"}, "ECC_ALice_Private": {"description": "desc for ECC_ALice_Private", "uri": "/v1/keys/ECC_ALice_Private"}, "ECC_Alice_Public": {"description": "desc for ECC_Alice_Public", "uri": "/v1/keys/ECC_Alice_Public"}, "RSA_Alice_Public": {"description": "desc for RSA_Alice_Public", "uri": "/v1/keys/RSA_Alice_Public"}, "RSA_Alice_Private": {"description": "desc for RSA_Alice_Private", "uri": "/v1/keys/RSA_Alice_Private"}, "RSA_Bob_Public": {"description": "desc for RSA_Bob_Public", "uri": "/v1/keys/RSA_Bob_Public"}, "RSA_Bob_Private": {"description": "desc for RSA_Bob_Private", "uri": "/v1/keys/RSA_Bob_Private"}, "k3": {"description": "desc for k3", "uri": "/v1/keys/k3"}}']
2025-03-29 10:29:10,636 - INFO - {}
2025-03-29 10:29:10,636 - INFO - testing:Get One Key repeat:1
2025-03-29 10:29:10,644 - INFO - start:10:29:10.636657 end:10:29:10.644313 diff:0:00:00.007656 port:8080
2025-03-29 10:29:10,645 - INFO - {'detail': 'Not Found'}
2025-03-29 10:29:10,646 - INFO - Finished
2025-03-29 10:29:37,722 - INFO - Started
2025-03-29 10:29:37,725 - INFO - {'key_name': 'IMK_k1', 'pan': '5656781234567891', 'psn': '01', 'atc': '0001', 'data': '00000000510000000000000007920000208000094917041900B49762F2390000010105A0400000200000000000000000', 'data_with_80': '00000000510000000000000007920000208000094917041900B49762F2390000010105A040000020000000000000000080'}
2025-03-29 10:29:37,727 - INFO - testing:Calculate ARQC for EMV repeat:1
2025-03-29 10:29:37,751 - INFO - start:10:29:37.728062 end:10:29:37.751380 diff:0:00:00.023318 port:8080
2025-03-29 10:29:37,752 - INFO - {'message': 'host:LAPTOP-P5P268SM: calculated arqc : f5eb72ed4f51b9de'}
2025-03-29 10:29:37,753 - INFO - {'key_name': 'IMK_k1', 'pan': '5656781234567891', 'psn': '01', 'atc': '0001', 'csu': '0012', 'arqc': 'F5EB72ED4F51B9DE'}
2025-03-29 10:29:37,754 - INFO - testing:Calculate ARPC for EMV repeat:1
2025-03-29 10:29:37,769 - INFO - start:10:29:37.754436 end:10:29:37.769414 diff:0:00:00.014978 port:8080
2025-03-29 10:29:37,770 - INFO - {'message': 'host:LAPTOP-P5P268SM: calculated arpc : a2092ccc0c25006b'}
2025-03-29 10:29:37,772 - INFO - {}
2025-03-29 10:29:37,773 - INFO - testing:Get Keys repeat:1
2025-03-29 10:29:37,788 - INFO - start:10:29:37.773886 end:10:29:37.788167 diff:0:00:00.014281 port:8080
2025-03-29 10:29:37,789 - INFO - ['{"DES_k1": {"description": "desc for DES_k1", "uri": "/v1/keys/DES_k1"}, "AES_k2": {"description": "desc for AES_k2", "uri": "/v1/keys/AES_k2"}, "IMK_k1": {"description": "desc for IMK_k1", "uri": "/v1/keys/IMK_k1"}, "AES_GCM": {"description": "desc for AES_GCM", "uri": "/v1/keys/AES_GCM"}, "ECC_Bob_Private": {"description": "desc for ECC_Bob_Private", "uri": "/v1/keys/ECC_Bob_Private"}, "ECC_Bob_Public": {"description": "desc for ECC_Bob_Public", "uri": "/v1/keys/ECC_Bob_Public"}, "ECC_ALice_Private": {"description": "desc for ECC_ALice_Private", "uri": "/v1/keys/ECC_ALice_Private"}, "ECC_Alice_Public": {"description": "desc for ECC_Alice_Public", "uri": "/v1/keys/ECC_Alice_Public"}, "RSA_Alice_Public": {"description": "desc for RSA_Alice_Public", "uri": "/v1/keys/RSA_Alice_Public"}, "RSA_Alice_Private": {"description": "desc for RSA_Alice_Private", "uri": "/v1/keys/RSA_Alice_Private"}, "RSA_Bob_Public": {"description": "desc for RSA_Bob_Public", "uri": "/v1/keys/RSA_Bob_Public"}, "RSA_Bob_Private": {"description": "desc for RSA_Bob_Private", "uri": "/v1/keys/RSA_Bob_Private"}, "k3": {"description": "desc for k3", "uri": "/v1/keys/k3"}}']
2025-03-29 10:29:37,812 - INFO - {}
2025-03-29 10:29:37,813 - INFO - testing:Get One Key repeat:1
2025-03-29 10:29:37,837 - INFO - start:10:29:37.813874 end:10:29:37.836846 diff:0:00:00.022972 port:8080
2025-03-29 10:29:37,837 - INFO - {'detail': 'Not Found'}
2025-03-29 10:29:37,838 - INFO - Finished
2025-03-29 11:28:49,528 - INFO - Started
2025-03-29 11:28:49,530 - INFO - {'key_name': 'IMK_k1', 'pan': '5656781234567891', 'psn': '01', 'atc': '0001', 'data': '00000000510000000000000007920000208000094917041900B49762F2390000010105A0400000200000000000000000', 'data_with_80': '00000000510000000000000007920000208000094917041900B49762F2390000010105A040000020000000000000000080'}
2025-03-29 11:28:49,530 - INFO - testing:Calculate ARQC for EMV repeat:1
2025-03-29 11:28:49,540 - INFO - start:11:28:49.530877 end:11:28:49.540753 diff:0:00:00.009876 port:8080
2025-03-29 11:28:49,541 - INFO - {'message': 'host:LAPTOP-P5P268SM: calculated arqc : f5eb72ed4f51b9de'}
2025-03-29 11:28:49,541 - INFO - {'key_name': 'IMK_k1', 'pan': '5656781234567891', 'psn': '01', 'atc': '0001', 'csu': '0012', 'arqc': 'F5EB72ED4F51B9DE'}
2025-03-29 11:28:49,541 - INFO - testing:Calculate ARPC for EMV repeat:1
2025-03-29 11:28:49,546 - INFO - start:11:28:49.541864 end:11:28:49.546622 diff:0:00:00.004758 port:8080
2025-03-29 11:28:49,547 - INFO - {'message': 'host:LAPTOP-P5P268SM: calculated arpc : a2092ccc0c25006b'}
2025-03-29 11:28:49,547 - INFO - {}
2025-03-29 11:28:49,548 - INFO - testing:Get Keys repeat:1
2025-03-29 11:28:49,552 - INFO - start:11:28:49.548123 end:11:28:49.552594 diff:0:00:00.004471 port:8080
2025-03-29 11:28:49,553 - INFO - ['{"DES_k1": {"description": "desc for DES_k1", "uri": "/v1/keys/DES_k1"}, "AES_k2": {"description": "desc for AES_k2", "uri": "/v1/keys/AES_k2"}, "IMK_k1": {"description": "desc for IMK_k1", "uri": "/v1/keys/IMK_k1"}, "AES_GCM": {"description": "desc for AES_GCM", "uri": "/v1/keys/AES_GCM"}, "ECC_Bob_Private": {"description": "desc for ECC_Bob_Private", "uri": "/v1/keys/ECC_Bob_Private"}, "ECC_Bob_Public": {"description": "desc for ECC_Bob_Public", "uri": "/v1/keys/ECC_Bob_Public"}, "ECC_ALice_Private": {"description": "desc for ECC_ALice_Private", "uri": "/v1/keys/ECC_ALice_Private"}, "ECC_Alice_Public": {"description": "desc for ECC_Alice_Public", "uri": "/v1/keys/ECC_Alice_Public"}, "RSA_Alice_Public": {"description": "desc for RSA_Alice_Public", "uri": "/v1/keys/RSA_Alice_Public"}, "RSA_Alice_Private": {"description": "desc for RSA_Alice_Private", "uri": "/v1/keys/RSA_Alice_Private"}, "RSA_Bob_Public": {"description": "desc for RSA_Bob_Public", "uri": "/v1/keys/RSA_Bob_Public"}, "RSA_Bob_Private": {"description": "desc for RSA_Bob_Private", "uri": "/v1/keys/RSA_Bob_Private"}, "k3": {"description": "desc for k3", "uri": "/v1/keys/k3"}}']
2025-03-29 11:28:49,554 - INFO - {}
2025-03-29 11:28:49,554 - INFO - testing:Get One Key repeat:1
2025-03-29 11:28:49,561 - INFO - start:11:28:49.554976 end:11:28:49.561083 diff:0:00:00.006107 port:8080
2025-03-29 11:28:49,561 - INFO - ['{"id": "IMK_k1", "description": "desc for IMK_k1", "value": "0123456789abcdeffedcba9876543210", "type": "a type"}']
2025-03-29 11:28:49,562 - INFO - Finished
2025-03-29 11:30:29,330 - INFO - Started
2025-03-29 11:30:29,331 - INFO - {'key_name': 'IMK_k1', 'pan': '5656781234567891', 'psn': '01', 'atc': '0001', 'data': '00000000510000000000000007920000208000094917041900B49762F2390000010105A0400000200000000000000000', 'data_with_80': '00000000510000000000000007920000208000094917041900B49762F2390000010105A040000020000000000000000080'}
2025-03-29 11:30:29,331 - INFO - testing:Calculate ARQC for EMV repeat:1
2025-03-29 11:30:29,339 - INFO - start:11:30:29.331903 end:11:30:29.339306 diff:0:00:00.007403 port:8080
2025-03-29 11:30:29,339 - INFO - {'message': 'host:LAPTOP-P5P268SM: calculated arqc : f5eb72ed4f51b9de'}
2025-03-29 11:30:29,340 - INFO - {'key_name': 'IMK_k1', 'pan': '5656781234567891', 'psn': '01', 'atc': '0001', 'csu': '0012', 'arqc': 'F5EB72ED4F51B9DE'}
2025-03-29 11:30:29,341 - INFO - testing:Calculate ARPC for EMV repeat:1
2025-03-29 11:30:29,346 - INFO - start:11:30:29.341264 end:11:30:29.346785 diff:0:00:00.005521 port:8080
2025-03-29 11:30:29,347 - INFO - {'message': 'host:LAPTOP-P5P268SM: calculated arpc : a2092ccc0c25006b'}
2025-03-29 11:30:29,347 - INFO - {}
2025-03-29 11:30:29,348 - INFO - testing:Get Keys repeat:1
2025-03-29 11:30:29,354 - INFO - start:11:30:29.348261 end:11:30:29.354238 diff:0:00:00.005977 port:8080
2025-03-29 11:30:29,354 - INFO - ['{"DES_k1": {"description": "desc for DES_k1", "uri": "/v1/keys/DES_k1"}, "AES_k2": {"description": "desc for AES_k2", "uri": "/v1/keys/AES_k2"}, "IMK_k1": {"description": "desc for IMK_k1", "uri": "/v1/keys/IMK_k1"}, "AES_GCM": {"description": "desc for AES_GCM", "uri": "/v1/keys/AES_GCM"}, "ECC_Bob_Private": {"description": "desc for ECC_Bob_Private", "uri": "/v1/keys/ECC_Bob_Private"}, "ECC_Bob_Public": {"description": "desc for ECC_Bob_Public", "uri": "/v1/keys/ECC_Bob_Public"}, "ECC_ALice_Private": {"description": "desc for ECC_ALice_Private", "uri": "/v1/keys/ECC_ALice_Private"}, "ECC_Alice_Public": {"description": "desc for ECC_Alice_Public", "uri": "/v1/keys/ECC_Alice_Public"}, "RSA_Alice_Public": {"description": "desc for RSA_Alice_Public", "uri": "/v1/keys/RSA_Alice_Public"}, "RSA_Alice_Private": {"description": "desc for RSA_Alice_Private", "uri": "/v1/keys/RSA_Alice_Private"}, "RSA_Bob_Public": {"description": "desc for RSA_Bob_Public", "uri": "/v1/keys/RSA_Bob_Public"}, "RSA_Bob_Private": {"description": "desc for RSA_Bob_Private", "uri": "/v1/keys/RSA_Bob_Private"}, "k3": {"description": "desc for k3", "uri": "/v1/keys/k3"}}']
2025-03-29 11:30:29,355 - INFO - {}
2025-03-29 11:30:29,356 - INFO - testing:Get One Key repeat:1
2025-03-29 11:30:29,362 - INFO - start:11:30:29.356656 end:11:30:29.362928 diff:0:00:00.006272 port:8080
2025-03-29 11:30:29,363 - INFO - ['{"id": "IMK_k1", "description": "desc for IMK_k1", "value": "0123456789abcdeffedcba9876543210", "type": "a type"}']
2025-03-29 11:30:29,363 - INFO - Finished
2025-03-30 07:55:29,259 - INFO - Started
2025-03-30 07:55:29,261 - INFO - {'key_name': 'IMK_k1', 'pan': '5656781234567891', 'psn': '01', 'atc': '0001', 'data': '00000000510000000000000007920000208000094917041900B49762F2390000010105A0400000200000000000000000', 'data_with_80': '00000000510000000000000007920000208000094917041900B49762F2390000010105A040000020000000000000000080'}
2025-03-30 07:55:29,261 - INFO - testing:Calculate ARQC for EMV repeat:1
2025-03-30 07:55:29,296 - INFO - start:07:55:29.261599 end:07:55:29.296837 diff:0:00:00.035238 port:8080
2025-03-30 07:55:29,297 - INFO - {'detail': 'An error occurred: {str(e)}'}
2025-03-30 07:55:29,297 - INFO - {'key_name': 'IMK_k1', 'pan': '5656781234567891', 'psn': '01', 'atc': '0001', 'csu': '0012', 'arqc': 'F5EB72ED4F51B9DE'}
2025-03-30 07:55:29,298 - INFO - testing:Calculate ARPC for EMV repeat:1
2025-03-30 07:55:29,306 - INFO - start:07:55:29.298452 end:07:55:29.306651 diff:0:00:00.008199 port:8080
2025-03-30 07:55:29,307 - INFO - {'detail': 'An error occurred: {str(e)}'}
2025-03-30 07:55:29,307 - INFO - {}
2025-03-30 07:55:29,308 - INFO - testing:Get Keys repeat:1
2025-03-30 07:55:29,314 - INFO - start:07:55:29.308438 end:07:55:29.314439 diff:0:00:00.006001 port:8080
2025-03-30 07:55:29,314 - INFO - ['{"DES_k1": {"description": "desc for DES_k1", "uri": "/v1/keys/DES_k1"}, "AES_k2": {"description": "desc for AES_k2", "uri": "/v1/keys/AES_k2"}, "IMK_k1": {"description": "desc for IMK_k1", "uri": "/v1/keys/IMK_k1"}, "AES_GCM": {"description": "desc for AES_GCM", "uri": "/v1/keys/AES_GCM"}, "ECC_Bob_Private": {"description": "desc for ECC_Bob_Private", "uri": "/v1/keys/ECC_Bob_Private"}, "ECC_Bob_Public": {"description": "desc for ECC_Bob_Public", "uri": "/v1/keys/ECC_Bob_Public"}, "ECC_ALice_Private": {"description": "desc for ECC_ALice_Private", "uri": "/v1/keys/ECC_ALice_Private"}, "ECC_Alice_Public": {"description": "desc for ECC_Alice_Public", "uri": "/v1/keys/ECC_Alice_Public"}, "RSA_Alice_Public": {"description": "desc for RSA_Alice_Public", "uri": "/v1/keys/RSA_Alice_Public"}, "RSA_Alice_Private": {"description": "desc for RSA_Alice_Private", "uri": "/v1/keys/RSA_Alice_Private"}, "RSA_Bob_Public": {"description": "desc for RSA_Bob_Public", "uri": "/v1/keys/RSA_Bob_Public"}, "RSA_Bob_Private": {"description": "desc for RSA_Bob_Private", "uri": "/v1/keys/RSA_Bob_Private"}, "k3": {"description": "desc for k3", "uri": "/v1/keys/k3"}}']
2025-03-30 07:55:29,316 - INFO - {}
2025-03-30 07:55:29,316 - INFO - testing:Get One Key repeat:1
2025-03-30 07:55:29,333 - INFO - start:07:55:29.316662 end:07:55:29.333700 diff:0:00:00.017038 port:8080
2025-03-30 07:55:29,334 - INFO - ['{"id": "IMK_k1", "description": "desc for IMK_k1", "value": "0123456789abcdeffedcba9876543210", "type": "a type"}']
2025-03-30 07:55:29,334 - INFO - Finished
2025-03-30 07:56:22,302 - INFO - Started
2025-03-30 07:56:22,310 - INFO - {'msg_code': '0100', 'f002': '6543210987654321', 'f004': '000000023456', 'f049': '752'}
2025-03-30 07:56:22,311 - INFO - testing:Test number 2 repeat:2
2025-03-30 07:57:29,131 - INFO - Started
2025-03-30 07:57:29,134 - INFO - {'msg_code': '0100', 'f002': '6543210987654321', 'f004': '000000023456', 'f049': '752'}
2025-03-30 07:57:29,134 - INFO - testing:Test number 2 repeat:1
2025-03-30 07:57:29,235 - INFO - start:07:57:29.135070 end:07:57:29.235585 diff:0:00:00.100515 port:8080
2025-03-30 07:57:29,236 - INFO - {'message': 'host:LAPTOP-P5P268SM: pan and key submitted updated successfully pan:6543210987654321 cur:752'}
2025-03-30 07:57:29,237 - INFO - {'msg_code': '0100', 'f002': '1234567890123456', 'f004': '000000012345', 'f049': '752'}
2025-03-30 07:57:29,237 - INFO - testing:Test number 1 repeat:1
2025-03-30 07:57:29,245 - INFO - start:07:57:29.237703 end:07:57:29.245902 diff:0:00:00.008199 port:8080
2025-03-30 07:57:29,246 - INFO - {'message': 'host:LAPTOP-P5P268SM: pan and key submitted updated successfully pan:1234567890123456 cur:752'}
2025-03-30 07:57:29,247 - INFO - {'key_name': 'IMK_k1', 'pan': '5656781234567891', 'psn': '01', 'atc': '0001', 'data': '00000000510000000000000007920000208000094917041900B49762F2390000010105A0400000200000000000000000', 'data_with_80': '00000000510000000000000007920000208000094917041900B49762F2390000010105A040000020000000000000000080'}
2025-03-30 07:57:29,247 - INFO - testing:Calculate ARQC for EMV repeat:1
2025-03-30 07:57:29,263 - INFO - start:07:57:29.247945 end:07:57:29.263548 diff:0:00:00.015603 port:8080
2025-03-30 07:57:29,264 - INFO - {'detail': 'An error occurred: {str(e)}'}
2025-03-30 07:57:29,264 - INFO - {'key_name': 'IMK_k1', 'pan': '5656781234567891', 'psn': '01', 'atc': '0001', 'csu': '0012', 'arqc': 'F5EB72ED4F51B9DE'}
2025-03-30 07:57:29,265 - INFO - testing:Calculate ARPC for EMV repeat:1
2025-03-30 07:57:29,272 - INFO - start:07:57:29.265521 end:07:57:29.272834 diff:0:00:00.007313 port:8080
2025-03-30 07:57:29,273 - INFO - {'detail': 'An error occurred: {str(e)}'}
2025-03-30 07:57:29,274 - INFO - {}
2025-03-30 07:57:29,274 - INFO - testing:Get Keys repeat:1
2025-03-30 07:57:29,283 - INFO - start:07:57:29.274738 end:07:57:29.283338 diff:0:00:00.008600 port:8080
2025-03-30 07:57:29,283 - INFO - ['{"DES_k1": {"description": "desc for DES_k1", "uri": "/v1/keys/DES_k1"}, "AES_k2": {"description": "desc for AES_k2", "uri": "/v1/keys/AES_k2"}, "IMK_k1": {"description": "desc for IMK_k1", "uri": "/v1/keys/IMK_k1"}, "AES_GCM": {"description": "desc for AES_GCM", "uri": "/v1/keys/AES_GCM"}, "ECC_Bob_Private": {"description": "desc for ECC_Bob_Private", "uri": "/v1/keys/ECC_Bob_Private"}, "ECC_Bob_Public": {"description": "desc for ECC_Bob_Public", "uri": "/v1/keys/ECC_Bob_Public"}, "ECC_ALice_Private": {"description": "desc for ECC_ALice_Private", "uri": "/v1/keys/ECC_ALice_Private"}, "ECC_Alice_Public": {"description": "desc for ECC_Alice_Public", "uri": "/v1/keys/ECC_Alice_Public"}, "RSA_Alice_Public": {"description": "desc for RSA_Alice_Public", "uri": "/v1/keys/RSA_Alice_Public"}, "RSA_Alice_Private": {"description": "desc for RSA_Alice_Private", "uri": "/v1/keys/RSA_Alice_Private"}, "RSA_Bob_Public": {"description": "desc for RSA_Bob_Public", "uri": "/v1/keys/RSA_Bob_Public"}, "RSA_Bob_Private": {"description": "desc for RSA_Bob_Private", "uri": "/v1/keys/RSA_Bob_Private"}, "k3": {"description": "desc for k3", "uri": "/v1/keys/k3"}}']
2025-03-30 07:57:29,284 - INFO - {}
2025-03-30 07:57:29,285 - INFO - testing:Get One Key repeat:1
2025-03-30 07:57:29,311 - INFO - start:07:57:29.285610 end:07:57:29.310855 diff:0:00:00.025245 port:8080
2025-03-30 07:57:29,311 - INFO - ['{"id": "IMK_k1", "description": "desc for IMK_k1", "value": "0123456789abcdeffedcba9876543210", "type": "a type"}']
2025-03-30 07:57:29,312 - INFO - Finished
2025-03-30 16:00:47,543 - INFO - Started
2025-03-30 16:00:47,546 - INFO - {'msg_code': '0100', 'f002': '6543210987654321', 'f004': '000000023456', 'f049': '752'}
2025-03-30 16:00:47,546 - INFO - testing:Test number 2 repeat:1
2025-03-30 16:00:47,554 - INFO - start:16:00:47.546611 end:16:00:47.554495 diff:0:00:00.007884 port:8080
2025-03-30 16:00:47,554 - INFO - {'message': 'host:LAPTOP-P5P268SM: pan and key submitted updated successfully pan:6543210987654321 cur:752'}
2025-03-30 16:00:47,555 - INFO - {'msg_code': '0100', 'f002': '1234567890123456', 'f004': '000000012345', 'f049': '752'}
2025-03-30 16:00:47,555 - INFO - testing:Test number 1 repeat:1
2025-03-30 16:00:47,560 - INFO - start:16:00:47.555884 end:16:00:47.560939 diff:0:00:00.005055 port:8080
2025-03-30 16:00:47,561 - INFO - {'message': 'host:LAPTOP-P5P268SM: pan and key submitted updated successfully pan:1234567890123456 cur:752'}
2025-03-30 16:00:47,561 - INFO - {'key_name': 'IMK_k1', 'pan': '5656781234567891', 'psn': '01', 'atc': '0001', 'data': '00000000510000000000000007920000208000094917041900B49762F2390000010105A0400000200000000000000000', 'data_with_80': '00000000510000000000000007920000208000094917041900B49762F2390000010105A040000020000000000000000080'}
2025-03-30 16:00:47,562 - INFO - testing:Calculate ARQC for EMV repeat:1
2025-03-30 16:00:47,565 - INFO - start:16:00:47.562182 end:16:00:47.565755 diff:0:00:00.003573 port:8080
2025-03-30 16:00:47,566 - INFO - {'detail': 'An error occurred: {str(e)}'}
2025-03-30 16:00:47,566 - INFO - {'key_name': 'IMK_k1', 'pan': '5656781234567891', 'psn': '01', 'atc': '0001', 'csu': '0012', 'arqc': 'F5EB72ED4F51B9DE'}
2025-03-30 16:00:47,566 - INFO - testing:Calculate ARPC for EMV repeat:1
2025-03-30 16:00:47,570 - INFO - start:16:00:47.566984 end:16:00:47.570146 diff:0:00:00.003162 port:8080
2025-03-30 16:00:47,570 - INFO - {'detail': 'An error occurred: {str(e)}'}
2025-03-30 16:00:47,571 - INFO - {}
2025-03-30 16:00:47,571 - INFO - testing:Get Keys repeat:1
2025-03-30 16:00:47,575 - INFO - start:16:00:47.571387 end:16:00:47.575128 diff:0:00:00.003741 port:8080
2025-03-30 16:00:47,575 - INFO - ['{"DES_k1": {"description": "desc for DES_k1", "uri": "/v1/keys/DES_k1"}, "AES_k2": {"description": "desc for AES_k2", "uri": "/v1/keys/AES_k2"}, "IMK_k1": {"description": "desc for IMK_k1", "uri": "/v1/keys/IMK_k1"}, "AES_GCM": {"description": "desc for AES_GCM", "uri": "/v1/keys/AES_GCM"}, "ECC_Bob_Private": {"description": "desc for ECC_Bob_Private", "uri": "/v1/keys/ECC_Bob_Private"}, "ECC_Bob_Public": {"description": "desc for ECC_Bob_Public", "uri": "/v1/keys/ECC_Bob_Public"}, "ECC_ALice_Private": {"description": "desc for ECC_ALice_Private", "uri": "/v1/keys/ECC_ALice_Private"}, "ECC_Alice_Public": {"description": "desc for ECC_Alice_Public", "uri": "/v1/keys/ECC_Alice_Public"}, "RSA_Alice_Public": {"description": "desc for RSA_Alice_Public", "uri": "/v1/keys/RSA_Alice_Public"}, "RSA_Alice_Private": {"description": "desc for RSA_Alice_Private", "uri": "/v1/keys/RSA_Alice_Private"}, "RSA_Bob_Public": {"description": "desc for RSA_Bob_Public", "uri": "/v1/keys/RSA_Bob_Public"}, "RSA_Bob_Private": {"description": "desc for RSA_Bob_Private", "uri": "/v1/keys/RSA_Bob_Private"}, "k3": {"description": "desc for k3", "uri": "/v1/keys/k3"}}']
2025-03-30 16:00:47,576 - INFO - {}
2025-03-30 16:00:47,576 - INFO - testing:Get One Key repeat:1
2025-03-30 16:00:47,580 - INFO - start:16:00:47.576672 end:16:00:47.580122 diff:0:00:00.003450 port:8080
2025-03-30 16:00:47,580 - INFO - ['{"id": "IMK_k1", "description": "desc for IMK_k1", "value": "0123456789abcdeffedcba9876543210", "type": "a type"}']
2025-03-30 16:00:47,581 - INFO - Finished
