2025-03-12 21:05:15,361 - PnLogger - INFO - Started
2025-03-12 21:05:15,362 - PnLogger - INFO - {'msg_code': '0100', 'f002': '6543210987654321', 'f004': '000000023456', 'f049': '752'}
2025-03-12 21:05:15,362 - PnLogger - INFO - testing:Test number 2 repeat:2
2025-03-12 21:05:15,374 - PnLogger - INFO - start:21:05:15.363140 end:21:05:15.374582 diff:0:00:00.011442 port:8002
2025-03-12 21:05:15,375 - PnLogger - INFO - {'message': 'host:bd69d2f4f08a: pan and key submitted updated successfully pan:6543210987654321 cur:752'}
2025-03-12 21:05:15,385 - PnLogger - INFO - start:21:05:15.375255 end:21:05:15.385285 diff:0:00:00.010030 port:8002
2025-03-12 21:05:15,385 - PnLogger - INFO - {'message': 'host:bd69d2f4f08a: pan and key submitted updated successfully pan:6543210987654321 cur:752'}
2025-03-12 21:05:15,387 - PnLogger - INFO - {'msg_code': '0100', 'f002': '1234567890123456', 'f004': '000000012345', 'f049': '752'}
2025-03-12 21:05:15,388 - PnLogger - INFO - testing:Test number 1 repeat:3
2025-03-12 21:05:15,400 - PnLogger - INFO - start:21:05:15.389129 end:21:05:15.399975 diff:0:00:00.010846 port:8080
2025-03-12 21:05:15,400 - PnLogger - INFO - {'message': 'host:c39b801f9486: pan and key submitted updated successfully pan:1234567890123456 cur:752'}
2025-03-12 21:05:15,410 - PnLogger - INFO - start:21:05:15.400854 end:21:05:15.410098 diff:0:00:00.009244 port:8080
2025-03-12 21:05:15,410 - PnLogger - INFO - {'message': 'host:bd69d2f4f08a: pan and key submitted updated successfully pan:1234567890123456 cur:752'}
2025-03-12 21:05:15,420 - PnLogger - INFO - start:21:05:15.410863 end:21:05:15.420066 diff:0:00:00.009203 port:8080
2025-03-12 21:05:15,420 - PnLogger - INFO - {'message': 'host:c39b801f9486: pan and key submitted updated successfully pan:1234567890123456 cur:752'}
2025-03-12 21:05:15,421 - PnLogger - INFO - Finished
2025-03-13 18:56:25,526 - PnLogger - INFO - Started
2025-03-13 18:56:25,527 - PnLogger - INFO - {'msg_code': '0100', 'f002': '6543210987654321', 'f004': '000000023456', 'f049': '752'}
2025-03-13 18:56:25,528 - PnLogger - INFO - testing:Test number 2 repeat:2
2025-03-13 18:56:25,542 - PnLogger - INFO - start:18:56:25.528651 end:18:56:25.542236 diff:0:00:00.013585 port:8002
2025-03-13 18:56:25,543 - PnLogger - INFO - {'message': 'host:85d88d6d8d7c: pan and key submitted updated successfully pan:6543210987654321 cur:752'}
2025-03-13 18:56:25,554 - PnLogger - INFO - start:18:56:25.543579 end:18:56:25.554463 diff:0:00:00.010884 port:8002
2025-03-13 18:56:25,555 - PnLogger - INFO - {'message': 'host:85d88d6d8d7c: pan and key submitted updated successfully pan:6543210987654321 cur:752'}
2025-03-13 18:56:25,557 - PnLogger - INFO - {'msg_code': '0100', 'f002': '1234567890123456', 'f004': '000000012345', 'f049': '752'}
2025-03-13 18:56:25,558 - PnLogger - INFO - testing:Test number 1 repeat:3
2025-03-13 18:56:25,570 - PnLogger - INFO - start:18:56:25.559530 end:18:56:25.570556 diff:0:00:00.011026 port:8080
2025-03-13 18:56:25,571 - PnLogger - INFO - {'message': 'host:409ab050ac6e: pan and key submitted updated successfully pan:1234567890123456 cur:752'}
2025-03-13 18:56:25,583 - PnLogger - INFO - start:18:56:25.572360 end:18:56:25.583406 diff:0:00:00.011046 port:8080
2025-03-13 18:56:25,584 - PnLogger - INFO - {'message': 'host:85d88d6d8d7c: pan and key submitted updated successfully pan:1234567890123456 cur:752'}
2025-03-13 18:56:25,595 - PnLogger - INFO - start:18:56:25.584753 end:18:56:25.595429 diff:0:00:00.010676 port:8080
2025-03-13 18:56:25,596 - PnLogger - INFO - {'message': 'host:409ab050ac6e: pan and key submitted updated successfully pan:1234567890123456 cur:752'}
2025-03-13 18:56:25,596 - PnLogger - INFO - Finished
2025-03-13 19:08:42,740 - PnLogger - INFO - Started
2025-03-13 19:08:42,740 - PnLogger - INFO - {'msg_code': '0100', 'f002': '6543210987654321', 'f004': '000000023456', 'f049': '752'}
2025-03-13 19:08:42,741 - PnLogger - INFO - testing:Test number 2 repeat:2
2025-03-13 19:08:42,756 - PnLogger - INFO - start:19:08:42.741153 end:19:08:42.756572 diff:0:00:00.015419 port:8002
2025-03-13 19:08:42,757 - PnLogger - INFO - {'message': 'host:ca1f3a66aaa7: pan and key submitted updated successfully pan:6543210987654321 cur:752'}
2025-03-13 19:08:42,771 - PnLogger - INFO - start:19:08:42.757565 end:19:08:42.771477 diff:0:00:00.013912 port:8002
2025-03-13 19:08:42,771 - PnLogger - INFO - {'message': 'host:ca1f3a66aaa7: pan and key submitted updated successfully pan:6543210987654321 cur:752'}
2025-03-13 19:08:42,773 - PnLogger - INFO - {'msg_code': '0100', 'f002': '1234567890123456', 'f004': '000000012345', 'f049': '752'}
2025-03-13 19:08:42,773 - PnLogger - INFO - testing:Test number 1 repeat:3
2025-03-13 19:08:42,783 - PnLogger - INFO - start:19:08:42.773776 end:19:08:42.783001 diff:0:00:00.009225 port:8080
2025-03-13 19:08:42,783 - PnLogger - INFO - {'message': 'host:f814ebfae91f: pan and key submitted updated successfully pan:1234567890123456 cur:752'}
2025-03-13 19:08:42,794 - PnLogger - INFO - start:19:08:42.783673 end:19:08:42.794311 diff:0:00:00.010638 port:8080
2025-03-13 19:08:42,794 - PnLogger - INFO - {'message': 'host:ca1f3a66aaa7: pan and key submitted updated successfully pan:1234567890123456 cur:752'}
2025-03-13 19:08:42,805 - PnLogger - INFO - start:19:08:42.795007 end:19:08:42.805011 diff:0:00:00.010004 port:8080
2025-03-13 19:08:42,805 - PnLogger - INFO - {'message': 'host:f814ebfae91f: pan and key submitted updated successfully pan:1234567890123456 cur:752'}
2025-03-13 19:08:42,806 - PnLogger - INFO - Finished
2025-03-13 19:14:26,677 - PnLogger - INFO - Started
2025-03-13 19:14:26,677 - PnLogger - INFO - {'msg_code': '0100', 'f002': '6543210987654321', 'f004': '000000023456', 'f049': '752'}
2025-03-13 19:14:26,678 - PnLogger - INFO - testing:Test number 2 repeat:2
2025-03-13 19:14:26,691 - PnLogger - INFO - start:19:14:26.678420 end:19:14:26.691691 diff:0:00:00.013271 port:8002
2025-03-13 19:14:26,692 - PnLogger - INFO - {'message': 'host:ca1f3a66aaa7: pan and key submitted updated successfully pan:6543210987654321 cur:752'}
2025-03-13 19:14:26,704 - PnLogger - INFO - start:19:14:26.692345 end:19:14:26.703968 diff:0:00:00.011623 port:8002
2025-03-13 19:14:26,704 - PnLogger - INFO - {'message': 'host:ca1f3a66aaa7: pan and key submitted updated successfully pan:6543210987654321 cur:752'}
2025-03-13 19:14:26,705 - PnLogger - INFO - {'msg_code': '0100', 'f002': '1234567890123456', 'f004': '000000012345', 'f049': '752'}
2025-03-13 19:14:26,706 - PnLogger - INFO - testing:Test number 1 repeat:3
2025-03-13 19:14:26,718 - PnLogger - INFO - start:19:14:26.706208 end:19:14:26.718698 diff:0:00:00.012490 port:8080
2025-03-13 19:14:26,719 - PnLogger - INFO - {'message': 'host:f814ebfae91f: pan and key submitted updated successfully pan:1234567890123456 cur:752'}
2025-03-13 19:14:26,733 - PnLogger - INFO - start:19:14:26.719358 end:19:14:26.733546 diff:0:00:00.014188 port:8080
2025-03-13 19:14:26,734 - PnLogger - INFO - {'message': 'host:ca1f3a66aaa7: pan and key submitted updated successfully pan:1234567890123456 cur:752'}
2025-03-13 19:14:26,745 - PnLogger - INFO - start:19:14:26.734634 end:19:14:26.745107 diff:0:00:00.010473 port:8080
2025-03-13 19:14:26,746 - PnLogger - INFO - {'message': 'host:f814ebfae91f: pan and key submitted updated successfully pan:1234567890123456 cur:752'}
2025-03-13 19:14:26,746 - PnLogger - INFO - Finished
2025-03-13 19:20:16,646 - PnLogger - INFO - Started
2025-03-13 19:20:16,647 - PnLogger - INFO - {'msg_code': '0100', 'f002': '6543210987654321', 'f004': '000000023456', 'f049': '752'}
2025-03-13 19:20:16,647 - PnLogger - INFO - testing:Test number 2 repeat:2
2025-03-13 19:20:16,662 - PnLogger - INFO - start:19:20:16.647539 end:19:20:16.662083 diff:0:00:00.014544 port:8002
2025-03-13 19:20:16,662 - PnLogger - INFO - {'message': 'host:f309d02b68a7: pan and key submitted updated successfully pan:6543210987654321 cur:752'}
2025-03-13 19:20:16,677 - PnLogger - INFO - start:19:20:16.662716 end:19:20:16.677070 diff:0:00:00.014354 port:8002
2025-03-13 19:20:16,678 - PnLogger - INFO - {'message': 'host:f309d02b68a7: pan and key submitted updated successfully pan:6543210987654321 cur:752'}
2025-03-13 19:20:16,679 - PnLogger - INFO - {'msg_code': '0100', 'f002': '1234567890123456', 'f004': '000000012345', 'f049': '752'}
2025-03-13 19:20:16,679 - PnLogger - INFO - testing:Test number 1 repeat:3
2025-03-13 19:20:16,690 - PnLogger - INFO - start:19:20:16.680271 end:19:20:16.689977 diff:0:00:00.009706 port:8080
2025-03-13 19:20:16,690 - PnLogger - INFO - {'message': 'host:d0c2c1e44c40: pan and key submitted updated successfully pan:1234567890123456 cur:752'}
2025-03-13 19:20:16,702 - PnLogger - INFO - start:19:20:16.690588 end:19:20:16.702288 diff:0:00:00.011700 port:8080
2025-03-13 19:20:16,703 - PnLogger - INFO - {'message': 'host:f309d02b68a7: pan and key submitted updated successfully pan:1234567890123456 cur:752'}
2025-03-13 19:20:16,713 - PnLogger - INFO - start:19:20:16.703780 end:19:20:16.713575 diff:0:00:00.009795 port:8080
2025-03-13 19:20:16,714 - PnLogger - INFO - {'message': 'host:d0c2c1e44c40: pan and key submitted updated successfully pan:1234567890123456 cur:752'}
2025-03-13 19:20:16,714 - PnLogger - INFO - Finished
2025-03-13 19:27:02,944 - PnLogger - INFO - Started
2025-03-13 19:27:02,945 - PnLogger - INFO - {'msg_code': '0100', 'f002': '6543210987654321', 'f004': '000000023456', 'f049': '752'}
2025-03-13 19:27:02,945 - PnLogger - INFO - testing:Test number 2 repeat:2
2025-03-13 19:27:02,959 - PnLogger - INFO - start:19:27:02.945487 end:19:27:02.959325 diff:0:00:00.013838 port:8002
2025-03-13 19:27:02,959 - PnLogger - INFO - {'message': 'host:ed51c16007f6: pan and key submitted updated successfully pan:6543210987654321 cur:752'}
2025-03-13 19:27:02,974 - PnLogger - INFO - start:19:27:02.960248 end:19:27:02.974540 diff:0:00:00.014292 port:8002
2025-03-13 19:27:02,975 - PnLogger - INFO - {'message': 'host:ed51c16007f6: pan and key submitted updated successfully pan:6543210987654321 cur:752'}
2025-03-13 19:27:02,976 - PnLogger - INFO - {'msg_code': '0100', 'f002': '1234567890123456', 'f004': '000000012345', 'f049': '752'}
2025-03-13 19:27:02,977 - PnLogger - INFO - testing:Test number 1 repeat:3
2025-03-13 19:27:02,988 - PnLogger - INFO - start:19:27:02.977636 end:19:27:02.988263 diff:0:00:00.010627 port:8080
2025-03-13 19:27:02,988 - PnLogger - INFO - {'message': 'host:121a9007f0c5: pan and key submitted updated successfully pan:1234567890123456 cur:752'}
2025-03-13 19:27:02,998 - PnLogger - INFO - start:19:27:02.988815 end:19:27:02.998487 diff:0:00:00.009672 port:8080
2025-03-13 19:27:02,999 - PnLogger - INFO - {'message': 'host:ed51c16007f6: pan and key submitted updated successfully pan:1234567890123456 cur:752'}
2025-03-13 19:27:03,011 - PnLogger - INFO - start:19:27:02.999558 end:19:27:03.011851 diff:0:00:00.012293 port:8080
2025-03-13 19:27:03,012 - PnLogger - INFO - {'message': 'host:121a9007f0c5: pan and key submitted updated successfully pan:1234567890123456 cur:752'}
2025-03-13 19:27:03,013 - PnLogger - INFO - Finished
2025-03-13 19:41:15,678 - PnLogger - INFO - Started
2025-03-13 19:41:15,678 - PnLogger - INFO - {'msg_code': '0100', 'f002': '6543210987654321', 'f004': '000000023456', 'f049': '752'}
2025-03-13 19:41:15,679 - PnLogger - INFO - testing:Test number 2 repeat:2
2025-03-13 19:41:15,692 - PnLogger - INFO - start:19:41:15.679514 end:19:41:15.692012 diff:0:00:00.012498 port:8002
2025-03-13 19:41:15,692 - PnLogger - INFO - {'message': 'host:e5499fc221a4: pan and key submitted updated successfully pan:6543210987654321 cur:752'}
2025-03-13 19:41:15,705 - PnLogger - INFO - start:19:41:15.692797 end:19:41:15.704895 diff:0:00:00.012098 port:8002
2025-03-13 19:41:15,706 - PnLogger - INFO - {'message': 'host:e5499fc221a4: pan and key submitted updated successfully pan:6543210987654321 cur:752'}
2025-03-13 19:41:15,708 - PnLogger - INFO - {'msg_code': '0100', 'f002': '1234567890123456', 'f004': '000000012345', 'f049': '752'}
2025-03-13 19:41:15,709 - PnLogger - INFO - testing:Test number 1 repeat:3
2025-03-13 19:41:15,727 - PnLogger - INFO - start:19:41:15.709223 end:19:41:15.727150 diff:0:00:00.017927 port:8080
2025-03-13 19:41:15,727 - PnLogger - INFO - {'message': 'host:47494b8e5c64: pan and key submitted updated successfully pan:1234567890123456 cur:752'}
2025-03-13 19:41:15,747 - PnLogger - INFO - start:19:41:15.727937 end:19:41:15.747277 diff:0:00:00.019340 port:8080
2025-03-13 19:41:15,751 - PnLogger - INFO - {'message': 'host:e5499fc221a4: pan and key submitted updated successfully pan:1234567890123456 cur:752'}
2025-03-13 19:41:15,767 - PnLogger - INFO - start:19:41:15.753270 end:19:41:15.767871 diff:0:00:00.014601 port:8080
2025-03-13 19:41:15,768 - PnLogger - INFO - {'message': 'host:47494b8e5c64: pan and key submitted updated successfully pan:1234567890123456 cur:752'}
2025-03-13 19:41:15,769 - PnLogger - INFO - Finished
